<?xml version="1.0" encoding="UTF-8"?>
<testsuite name="com.example.javastatefulk8s.DemoApplicationTests" tests="1" skipped="0" failures="0" errors="0" timestamp="2017-11-22T04:53:33" hostname="C02P377TG3QD" time="0.026">
  <properties/>
  <testcase name="contextLoads" classname="com.example.javastatefulk8s.DemoApplicationTests" time="0.026"/>
  <system-out><![CDATA[22:53:28.139 [Test worker] DEBUG org.springframework.test.context.junit4.SpringJUnit4ClassRunner - SpringJUnit4ClassRunner constructor called with [class com.example.javastatefulk8s.DemoApplicationTests]
22:53:28.143 [Test worker] DEBUG org.springframework.test.context.BootstrapUtils - Instantiating CacheAwareContextLoaderDelegate from class [org.springframework.test.context.cache.DefaultCacheAwareContextLoaderDelegate]
22:53:28.149 [Test worker] DEBUG org.springframework.test.context.BootstrapUtils - Instantiating BootstrapContext using constructor [public org.springframework.test.context.support.DefaultBootstrapContext(java.lang.Class,org.springframework.test.context.CacheAwareContextLoaderDelegate)]
22:53:28.160 [Test worker] DEBUG org.springframework.test.context.BootstrapUtils - Instantiating TestContextBootstrapper for test class [com.example.javastatefulk8s.DemoApplicationTests] from class [org.springframework.boot.test.context.SpringBootTestContextBootstrapper]
22:53:28.171 [Test worker] INFO org.springframework.boot.test.context.SpringBootTestContextBootstrapper - Neither @ContextConfiguration nor @ContextHierarchy found for test class [com.example.javastatefulk8s.DemoApplicationTests], using SpringBootContextLoader
22:53:28.175 [Test worker] DEBUG org.springframework.test.context.support.AbstractContextLoader - Did not detect default resource location for test class [com.example.javastatefulk8s.DemoApplicationTests]: class path resource [com/example/javastatefulk8s/DemoApplicationTests-context.xml] does not exist
22:53:28.175 [Test worker] DEBUG org.springframework.test.context.support.AbstractContextLoader - Did not detect default resource location for test class [com.example.javastatefulk8s.DemoApplicationTests]: class path resource [com/example/javastatefulk8s/DemoApplicationTestsContext.groovy] does not exist
22:53:28.176 [Test worker] INFO org.springframework.test.context.support.AbstractContextLoader - Could not detect default resource locations for test class [com.example.javastatefulk8s.DemoApplicationTests]: no resource found for suffixes {-context.xml, Context.groovy}.
22:53:28.176 [Test worker] INFO org.springframework.test.context.support.AnnotationConfigContextLoaderUtils - Could not detect default configuration classes for test class [com.example.javastatefulk8s.DemoApplicationTests]: DemoApplicationTests does not declare any static, non-private, non-final, nested classes annotated with @Configuration.
22:53:28.206 [Test worker] DEBUG org.springframework.test.context.support.ActiveProfilesUtils - Could not find an 'annotation declaring class' for annotation type [org.springframework.test.context.ActiveProfiles] and class [com.example.javastatefulk8s.DemoApplicationTests]
22:53:28.212 [Test worker] DEBUG org.springframework.core.env.StandardEnvironment - Adding PropertySource 'systemProperties' with lowest search precedence
22:53:28.213 [Test worker] DEBUG org.springframework.core.env.StandardEnvironment - Adding PropertySource 'systemEnvironment' with lowest search precedence
22:53:28.214 [Test worker] DEBUG org.springframework.core.env.StandardEnvironment - Initialized StandardEnvironment with PropertySources [MapPropertySource@36177634 {name='systemProperties', properties={java.runtime.name=Java(TM) SE Runtime Environment, sun.boot.library.path=/Library/Java/JavaVirtualMachines/jdk1.8.0_91.jdk/Contents/Home/jre/lib, java.vm.version=25.91-b14, gopherProxySet=false, java.vm.vendor=Oracle Corporation, java.vendor.url=http://java.oracle.com/, path.separator=:, java.vm.name=Java HotSpot(TM) 64-Bit Server VM, file.encoding.pkg=sun.io, sun.java.launcher=SUN_STANDARD, user.country=US, sun.os.patch.level=unknown, java.vm.specification.name=Java Virtual Machine Specification, user.dir=/Users/ravipalakodeti/tech/projects/kubernetes/java-stateful-k8s, java.runtime.version=1.8.0_91-b14, java.awt.graphicsenv=sun.awt.CGraphicsEnvironment, java.endorsed.dirs=/Library/Java/JavaVirtualMachines/jdk1.8.0_91.jdk/Contents/Home/jre/lib/endorsed, os.arch=x86_64, java.io.tmpdir=/var/folders/xc/ks4rsvh54sl4zbtvm8qhwrtc0000gn/T/, line.separator=
, java.vm.specification.vendor=Oracle Corporation, user.variant=, os.name=Mac OS X, sun.jnu.encoding=UTF-8, java.library.path=/Users/ravipalakodeti/Library/Java/Extensions:/Library/Java/Extensions:/Network/Library/Java/Extensions:/System/Library/Java/Extensions:/usr/lib/java:., java.specification.name=Java Platform API Specification, java.class.version=52.0, sun.management.compiler=HotSpot 64-Bit Tiered Compilers, os.version=10.12.6, http.nonProxyHosts=local|*.local|169.254/16|*.169.254/16|192.168/16|*.192.168/16, user.home=/Users/ravipalakodeti, user.timezone=America/Chicago, java.awt.printerjob=sun.lwawt.macosx.CPrinterJob, file.encoding=UTF-8, java.specification.version=1.8, java.class.path=/Users/ravipalakodeti/tech/projects/kubernetes/java-stateful-k8s/devops/app/classes/test:/Users/ravipalakodeti/tech/projects/kubernetes/java-stateful-k8s/devops/app/resources/test:/Users/ravipalakodeti/tech/projects/kubernetes/java-stateful-k8s/devops/app/classes/main:/Users/ravipalakodeti/tech/projects/kubernetes/java-stateful-k8s/devops/app/resources/main:/Users/ravipalakodeti/.gradle/caches/modules-2/files-2.1/org.springframework.boot/spring-boot-starter/1.5.8.RELEASE/18048efe1f06569022a53cc3fb2fe9c0162935a3/spring-boot-starter-1.5.8.RELEASE.jar:/Users/ravipalakodeti/.gradle/caches/modules-2/files-2.1/org.springframework.boot/spring-boot-starter-jersey/1.5.8.RELEASE/a02325b0750bff113e6fe1919080e31ca8c486b0/spring-boot-starter-jersey-1.5.8.RELEASE.jar:/Users/ravipalakodeti/.gradle/caches/modules-2/files-2.1/org.springframework.boot/spring-boot-starter-data-jpa/1.5.8.RELEASE/55bb5e8aea5707f79ee9888ad75261a7b7df4654/spring-boot-starter-data-jpa-1.5.8.RELEASE.jar:/Users/ravipalakodeti/.gradle/caches/modules-2/files-2.1/org.apache.openjpa/openjpa-persistence-jdbc/2.4.1/d5fc1d6a3d50c234ccebf847b301e1616cc2ca61/openjpa-persistence-jdbc-2.4.1.jar:/Users/ravipalakodeti/.gradle/caches/modules-2/files-2.1/org.codehaus.groovy/groovy-json/2.4.12/810b46f2b359b904c4c7428ad4c03c09094a01ff/groovy-json-2.4.12.jar:/Users/ravipalakodeti/.gradle/caches/modules-2/files-2.1/org.codehaus.groovy/groovy/2.4.12/a43be367110c491787219f1c128b5b5fc54f1e70/groovy-2.4.12.jar:/Users/ravipalakodeti/.gradle/caches/modules-2/files-2.1/org.springframework.boot/spring-boot-devtools/1.5.8.RELEASE/ea212262e3ae47e76fa176358fcf9ee2780b80da/spring-boot-devtools-1.5.8.RELEASE.jar:/Users/ravipalakodeti/.gradle/caches/modules-2/files-2.1/org.apache.camel/camel-spring-boot-starter/2.20.0/c28af8b79d6eae9beddf24d54132263cce0c4118/camel-spring-boot-starter-2.20.0.jar:/Users/ravipalakodeti/.gradle/caches/modules-2/files-2.1/org.apache.camel/camel-jsonpath/2.20.0/b047c35796f9344fb198b98d6316ae1663148b64/camel-jsonpath-2.20.0.jar:/Users/ravipalakodeti/.gradle/caches/modules-2/files-2.1/org.postgresql/postgresql/9.4.1211/721e3017fab68db9f0b08537ec91b8d757973ca8/postgresql-9.4.1211.jar:/Users/ravipalakodeti/.gradle/caches/modules-2/files-2.1/org.flywaydb/flyway-core/4.0.3/638bafe93a0f8bf0fe5224bbf0a84a2fdaa65d1f/flyway-core-4.0.3.jar:/Users/ravipalakodeti/.gradle/caches/modules-2/files-2.1/org.springframework.boot/spring-boot-starter-test/1.5.8.RELEASE/20b767f594924b32950286f1236ab7d68ff861f9/spring-boot-starter-test-1.5.8.RELEASE.jar:/Users/ravipalakodeti/.gradle/caches/modules-2/files-2.1/io.rest-assured/rest-assured/3.0.5/e38cb80389121458bb7b3128e53d2781cbc7a5b6/rest-assured-3.0.5.jar:/Users/ravipalakodeti/.gradle/caches/modules-2/files-2.1/org.hamcrest/hamcrest-core/1.3/42a25dc3219429f0e5d060061f71acb49bf010a0/hamcrest-core-1.3.jar:/Users/ravipalakodeti/.gradle/caches/modules-2/files-2.1/org.springframework.boot/spring-boot/1.5.8.RELEASE/748ebde51761e12627ad23d064024f342b18f9b4/spring-boot-1.5.8.RELEASE.jar:/Users/ravipalakodeti/.gradle/caches/modules-2/files-2.1/org.springframework.boot/spring-boot-autoconfigure/1.5.8.RELEASE/e4f2efa4c319f4e3613d94fbccfdb5ccda6873e3/spring-boot-autoconfigure-1.5.8.RELEASE.jar:/Users/ravipalakodeti/.gradle/caches/modules-2/files-2.1/org.springframework.boot/spring-boot-starter-logging/1.5.8.RELEASE/ebc00a0e46753d90431fdcc5e3d6b9fd3bf1564a/spring-boot-starter-logging-1.5.8.RELEASE.jar:/Users/ravipalakodeti/.gradle/caches/modules-2/files-2.1/org.springframework/spring-core/4.3.12.RELEASE/4cebc69478c6d350dbd5af28e3db7d5694f416e3/spring-core-4.3.12.RELEASE.jar:/Users/ravipalakodeti/.gradle/caches/modules-2/files-2.1/org.yaml/snakeyaml/1.17/7a27ea250c5130b2922b86dea63cbb1cc10a660c/snakeyaml-1.17.jar:/Users/ravipalakodeti/.gradle/caches/modules-2/files-2.1/org.springframework.boot/spring-boot-starter-tomcat/1.5.8.RELEASE/cf3b7eb7e192a60ab1dd09e4f8bce82710a5feb0/spring-boot-starter-tomcat-1.5.8.RELEASE.jar:/Users/ravipalakodeti/.gradle/caches/modules-2/files-2.1/org.springframework.boot/spring-boot-starter-validation/1.5.8.RELEASE/69aade16cb32a9438375bbdea975a4bc9cfd5048/spring-boot-starter-validation-1.5.8.RELEASE.jar:/Users/ravipalakodeti/.gradle/caches/modules-2/files-2.1/com.fasterxml.jackson.core/jackson-databind/2.8.10/f7b83cb2bc4b88d53961e749e1ad32f49ef017b7/jackson-databind-2.8.10.jar:/Users/ravipalakodeti/.gradle/caches/modules-2/files-2.1/org.springframework/spring-web/4.3.12.RELEASE/86c29588cca74d0fc848b194cb13fcdfd12bc990/spring-web-4.3.12.RELEASE.jar:/Users/ravipalakodeti/.gradle/caches/modules-2/files-2.1/org.glassfish.jersey.core/jersey-server/2.25.1/276e2ee0fd1cdabf99357fce560c5baab675b1a2/jersey-server-2.25.1.jar:/Users/ravipalakodeti/.gradle/caches/modules-2/files-2.1/org.glassfish.jersey.containers/jersey-container-servlet-core/2.25.1/400e30bb035a0cdf3c554530224141ce659a0d1e/jersey-container-servlet-core-2.25.1.jar:/Users/ravipalakodeti/.gradle/caches/modules-2/files-2.1/org.glassfish.jersey.containers/jersey-container-servlet/2.25.1/cf5f7a76fcea38158b890ab7a0142d4db709a882/jersey-container-servlet-2.25.1.jar:/Users/ravipalakodeti/.gradle/caches/modules-2/files-2.1/org.glassfish.jersey.ext/jersey-bean-validation/2.25.1/1971927d79cad0ad2b5a3bfda24967748a2023d/jersey-bean-validation-2.25.1.jar:/Users/ravipalakodeti/.gradle/caches/modules-2/files-2.1/org.glassfish.jersey.ext/jersey-spring3/2.25.1/a31bfcd2fcae5beb979d3f41079b6f4020d6fbc9/jersey-spring3-2.25.1.jar:/Users/ravipalakodeti/.gradle/caches/modules-2/files-2.1/org.glassfish.jersey.media/jersey-media-json-jackson/2.25.1/19d1e4276eb7b6386640c344d9e5c01eba7eae5d/jersey-media-json-jackson-2.25.1.jar:/Users/ravipalakodeti/.gradle/caches/modules-2/files-2.1/org.springframework.boot/spring-boot-starter-aop/1.5.8.RELEASE/9bc9a40e0718726ed48f6becc509b2d186f1ebcc/spring-boot-starter-aop-1.5.8.RELEASE.jar:/Users/ravipalakodeti/.gradle/caches/modules-2/files-2.1/org.springframework.boot/spring-boot-starter-jdbc/1.5.8.RELEASE/fc98631eba9817c920b9ac1c5845214f49637a33/spring-boot-starter-jdbc-1.5.8.RELEASE.jar:/Users/ravipalakodeti/.gradle/caches/modules-2/files-2.1/org.hibernate/hibernate-core/5.0.12.Final/e58bf1c660e6706d8e2cbb53bae110f574366102/hibernate-core-5.0.12.Final.jar:/Users/ravipalakodeti/.gradle/caches/modules-2/files-2.1/org.hibernate/hibernate-entitymanager/5.0.12.Final/302a526f5058290e9cbd719a5caf9f248d344719/hibernate-entitymanager-5.0.12.Final.jar:/Users/ravipalakodeti/.gradle/caches/modules-2/files-2.1/javax.transaction/javax.transaction-api/1.2/d81aff979d603edd90dcd8db2abc1f4ce6479e3e/javax.transaction-api-1.2.jar:/Users/ravipalakodeti/.gradle/caches/modules-2/files-2.1/org.springframework.data/spring-data-jpa/1.11.8.RELEASE/d674b8407de3d2998c106557fd6a6665de2bc217/spring-data-jpa-1.11.8.RELEASE.jar:/Users/ravipalakodeti/.gradle/caches/modules-2/files-2.1/org.springframework/spring-aspects/4.3.12.RELEASE/b0002bfdd0d58f09fc178afc5f2d0553ff117840/spring-aspects-4.3.12.RELEASE.jar:/Users/ravipalakodeti/.gradle/caches/modules-2/files-2.1/org.apache.openjpa/openjpa-jdbc/2.4.1/62ca00a52c141ef2e89078aeb24c6663fba690b/openjpa-jdbc-2.4.1.jar:/Users/ravipalakodeti/.gradle/caches/modules-2/files-2.1/org.apache.openjpa/openjpa-persistence/2.4.1/689ae265c2be21fb77f137c178f7e615da4fb710/openjpa-persistence-2.4.1.jar:/Users/ravipalakodeti/.gradle/caches/modules-2/files-2.1/org.apache.camel/camel-spring-boot/2.20.0/8b8d9c9ad42428a1c28069b13bb9aa5ce88d8b7b/camel-spring-boot-2.20.0.jar:/Users/ravipalakodeti/.gradle/caches/modules-2/files-2.1/org.apache.camel/camel-core-starter/2.20.0/321a99785b7b5f7dd98c853869206e0cadb0a593/camel-core-starter-2.20.0.jar:/Users/ravipalakodeti/.gradle/caches/modules-2/files-2.1/org.apache.camel/camel-core/2.20.0/c2c32396575550722d37fbccee73a06dbad1d6f6/camel-core-2.20.0.jar:/Users/ravipalakodeti/.gradle/caches/modules-2/files-2.1/com.jayway.jsonpath/json-path/2.2.0/22290d17944bd239fabf5ac69005a60a7ecbbbcb/json-path-2.2.0.jar:/Users/ravipalakodeti/.gradle/caches/modules-2/files-2.1/org.springframework.boot/spring-boot-test/1.5.8.RELEASE/17dedee86d1a9e9bd409d715fd90650ca1049659/spring-boot-test-1.5.8.RELEASE.jar:/Users/ravipalakodeti/.gradle/caches/modules-2/files-2.1/org.springframework.boot/spring-boot-test-autoconfigure/1.5.8.RELEASE/a8f986cc4b6ecef1417fe50c20984f12f54d15cc/spring-boot-test-autoconfigure-1.5.8.RELEASE.jar:/Users/ravipalakodeti/.gradle/caches/modules-2/files-2.1/junit/junit/4.12/2973d150c0dc1fefe998f834810d68f278ea58ec/junit-4.12.jar:/Users/ravipalakodeti/.gradle/caches/modules-2/files-2.1/org.assertj/assertj-core/2.4.1/59d2e0df335341f201e9c9f7354ae3d040950d23/assertj-core-2.4.1.jar:/Users/ravipalakodeti/.gradle/caches/modules-2/files-2.1/org.mockito/mockito-core/1.10.19/e8546f5bef4e061d8dd73895b4e8f40e3fe6effe/mockito-core-1.10.19.jar:/Users/ravipalakodeti/.gradle/caches/modules-2/files-2.1/org.hamcrest/hamcrest-library/1.3/4785a3c21320980282f9f33d0d1264a69040538f/hamcrest-library-1.3.jar:/Users/ravipalakodeti/.gradle/caches/modules-2/files-2.1/org.skyscreamer/jsonassert/1.4.0/9cdbb373a06f6513e51e8c545ee6a5e981463edb/jsonassert-1.4.0.jar:/Users/ravipalakodeti/.gradle/caches/modules-2/files-2.1/org.springframework/spring-test/4.3.12.RELEASE/825a7ac1014528db722a6cc94cceaef2410cb314/spring-test-4.3.12.RELEASE.jar:/Users/ravipalakodeti/.gradle/caches/modules-2/files-2.1/org.codehaus.groovy/groovy-xml/2.4.12/b5c023bbbc8a4bbf9c0b38d731fe31d53f00c64a/groovy-xml-2.4.12.jar:/Users/ravipalakodeti/.gradle/caches/modules-2/files-2.1/org.apache.httpcomponents/httpclient/4.5/a1e6cbb3cc2c5f210dd1310ff9fcb2c09c0d1438/httpclient-4.5.jar:/Users/ravipalakodeti/.gradle/caches/modules-2/files-2.1/org.apache.httpcomponents/httpmime/4.5.3/889fd6d061bb63b99dd5c6aba35a555ae863de52/httpmime-4.5.3.jar:/Users/ravipalakodeti/.gradle/caches/modules-2/files-2.1/org.ccil.cowan.tagsoup/tagsoup/1.2.1/5584627487e984c03456266d3f8802eb85a9ce97/tagsoup-1.2.1.jar:/Users/ravipalakodeti/.gradle/caches/modules-2/files-2.1/io.rest-assured/json-path/3.0.5/f6b74222d61d026717ab8a9c34a95ce79884658f/json-path-3.0.5.jar:/Users/ravipalakodeti/.gradle/caches/modules-2/files-2.1/io.rest-assured/xml-path/3.0.5/2ec8254dabe769589bda9d0b0321a91fab5a23f9/xml-path-3.0.5.jar:/Users/ravipalakodeti/.gradle/caches/modules-2/files-2.1/org.springframework/spring-context/4.3.12.RELEASE/5e6d26f36636f36b7efec1d6a0c5991284fbd95b/spring-context-4.3.12.RELEASE.jar:/Users/ravipalakodeti/.gradle/caches/modules-2/files-2.1/ch.qos.logback/logback-classic/1.1.11/ccedfbacef4a6515d2983e3f89ed753d5d4fb665/logback-classic-1.1.11.jar:/Users/ravipalakodeti/.gradle/caches/modules-2/files-2.1/org.slf4j/jcl-over-slf4j/1.7.25/f8c32b13ff142a513eeb5b6330b1588dcb2c0461/jcl-over-slf4j-1.7.25.jar:/Users/ravipalakodeti/.gradle/caches/modules-2/files-2.1/org.slf4j/jul-to-slf4j/1.7.25/af5364cd6679bfffb114f0dec8a157aaa283b76/jul-to-slf4j-1.7.25.jar:/Users/ravipalakodeti/.gradle/caches/modules-2/files-2.1/org.slf4j/log4j-over-slf4j/1.7.25/a87bb47468f47ee7aabbd54f93e133d4215769c3/log4j-over-slf4j-1.7.25.jar:/Users/ravipalakodeti/.gradle/caches/modules-2/files-2.1/org.apache.tomcat.embed/tomcat-embed-core/8.5.23/79261793a47f507890ee08f749b9d81774e4f7f0/tomcat-embed-core-8.5.23.jar:/Users/ravipalakodeti/.gradle/caches/modules-2/files-2.1/org.apache.tomcat.embed/tomcat-embed-el/8.5.23/98d979cde444dffa6d434c8377d0123b2dfa614c/tomcat-embed-el-8.5.23.jar:/Users/ravipalakodeti/.gradle/caches/modules-2/files-2.1/org.apache.tomcat.embed/tomcat-embed-websocket/8.5.23/52f07abcae10dc7e1764304b0877def175c2c833/tomcat-embed-websocket-8.5.23.jar:/Users/ravipalakodeti/.gradle/caches/modules-2/files-2.1/org.hibernate/hibernate-validator/5.3.5.Final/622a9bcef2eed6d41b5b8e0662c36212009e375/hibernate-validator-5.3.5.Final.jar:/Users/ravipalakodeti/.gradle/caches/modules-2/files-2.1/com.fasterxml.jackson.core/jackson-annotations/2.8.0/45b426f7796b741035581a176744d91090e2e6fb/jackson-annotations-2.8.0.jar:/Users/ravipalakodeti/.gradle/caches/modules-2/files-2.1/com.fasterxml.jackson.core/jackson-core/2.8.10/eb21a035c66ad307e66ec8fce37f5d50fd62d039/jackson-core-2.8.10.jar:/Users/ravipalakodeti/.gradle/caches/modules-2/files-2.1/org.springframework/spring-aop/4.3.12.RELEASE/b3fef085902993c2ef874c45c7bfd79296d5a5a4/spring-aop-4.3.12.RELEASE.jar:/Users/ravipalakodeti/.gradle/caches/modules-2/files-2.1/org.springframework/spring-beans/4.3.12.RELEASE/547dd432d47d0f01d9ccbedc4b705f9f7c1240a/spring-beans-4.3.12.RELEASE.jar:/Users/ravipalakodeti/.gradle/caches/modules-2/files-2.1/org.glassfish.jersey.core/jersey-common/2.25.1/2438ce68d4907046095ab54aa83a6092951b4bbb/jersey-common-2.25.1.jar:/Users/ravipalakodeti/.gradle/caches/modules-2/files-2.1/org.glassfish.jersey.core/jersey-client/2.25.1/4d563b1f93352ee9fad597e9e1daf2c6159993c6/jersey-client-2.25.1.jar:/Users/ravipalakodeti/.gradle/caches/modules-2/files-2.1/javax.ws.rs/javax.ws.rs-api/2.0.1/104e9c2b5583cfcfeac0402316221648d6d8ea6b/javax.ws.rs-api-2.0.1.jar:/Users/ravipalakodeti/.gradle/caches/modules-2/files-2.1/org.glassfish.jersey.media/jersey-media-jaxb/2.25.1/d7da0beeed5614a3bfd882662faec602699e24b/jersey-media-jaxb-2.25.1.jar:/Users/ravipalakodeti/.gradle/caches/modules-2/files-2.1/javax.annotation/javax.annotation-api/1.2/479c1e06db31c432330183f5cae684163f186146/javax.annotation-api-1.2.jar:/Users/ravipalakodeti/.gradle/caches/modules-2/files-2.1/org.glassfish.hk2/hk2-api/2.5.0-b32/6a576c9653832ce610b80a2f389374ef19d96171/hk2-api-2.5.0-b32.jar:/Users/ravipalakodeti/.gradle/caches/modules-2/files-2.1/org.glassfish.hk2.external/javax.inject/2.5.0-b32/b2fa50c8186a38728c35fe6a9da57ce4cc806923/javax.inject-2.5.0-b32.jar:/Users/ravipalakodeti/.gradle/caches/modules-2/files-2.1/org.glassfish.hk2/hk2-locator/2.5.0-b32/195474f8ad0a8d130e9ea949a771bcf1215fc33b/hk2-locator-2.5.0-b32.jar:/Users/ravipalakodeti/.gradle/caches/modules-2/files-2.1/javax.validation/validation-api/1.1.0.Final/8613ae82954779d518631e05daa73a6a954817d5/validation-api-1.1.0.Final.jar:/Users/ravipalakodeti/.gradle/caches/modules-2/files-2.1/org.glassfish.hk2/hk2/2.5.0-b32/c3accae585955e49c771d464899e906ecc9ffb4/hk2-2.5.0-b32.jar:/Users/ravipalakodeti/.gradle/caches/modules-2/files-2.1/org.glassfish.hk2/spring-bridge/2.5.0-b32/f38ecef23edc769942a95c062efd63541044de42/spring-bridge-2.5.0-b32.jar:/Users/ravipalakodeti/.gradle/caches/modules-2/files-2.1/org.glassfish.jersey.ext/jersey-entity-filtering/2.25.1/4a5805060f796ec2c9bb1ba0ce91c1db6d889524/jersey-entity-filtering-2.25.1.jar:/Users/ravipalakodeti/.gradle/caches/modules-2/files-2.1/com.fasterxml.jackson.jaxrs/jackson-jaxrs-base/2.8.10/50a3d02a31cb427272a96fe696b5ac9442c7cfa1/jackson-jaxrs-base-2.8.10.jar:/Users/ravipalakodeti/.gradle/caches/modules-2/files-2.1/com.fasterxml.jackson.jaxrs/jackson-jaxrs-json-provider/2.8.10/f8837cf03871569eb02a491dea64929e5da14b4/jackson-jaxrs-json-provider-2.8.10.jar:/Users/ravipalakodeti/.gradle/caches/modules-2/files-2.1/org.aspectj/aspectjweaver/1.8.4/2ee166facba0b05c5dc444a934027baa114fddd9/aspectjweaver-1.8.4.jar:/Users/ravipalakodeti/.gradle/caches/modules-2/files-2.1/org.apache.tomcat/tomcat-jdbc/8.5.23/6036400a8f2d90dd3ae3a4d09e5136c56002887b/tomcat-jdbc-8.5.23.jar:/Users/ravipalakodeti/.gradle/caches/modules-2/files-2.1/org.springframework/spring-jdbc/4.3.12.RELEASE/5c840abbdc1a1dfd0f79c4a4c25eac0c98e6af22/spring-jdbc-4.3.12.RELEASE.jar:/Users/ravipalakodeti/.gradle/caches/modules-2/files-2.1/org.jboss.logging/jboss-logging/3.3.1.Final/c46217ab74b532568c0ed31dc599db3048bd1b67/jboss-logging-3.3.1.Final.jar:/Users/ravipalakodeti/.gradle/caches/modules-2/files-2.1/org.hibernate.javax.persistence/hibernate-jpa-2.1-api/1.0.0.Final/5e731d961297e5a07290bfaf3db1fbc8bbbf405a/hibernate-jpa-2.1-api-1.0.0.Final.jar:/Users/ravipalakodeti/.gradle/caches/modules-2/files-2.1/org.javassist/javassist/3.21.0-GA/598244f595db5c5fb713731eddbb1c91a58d959b/javassist-3.21.0-GA.jar:/Users/ravipalakodeti/.gradle/caches/modules-2/files-2.1/antlr/antlr/2.7.7/83cd2cd674a217ade95a4bb83a8a14f351f48bd0/antlr-2.7.7.jar:/Users/ravipalakodeti/.gradle/caches/modules-2/files-2.1/org.jboss/jandex/2.0.0.Final/3e899258936f94649c777193e1be846387ed54b3/jandex-2.0.0.Final.jar:/Users/ravipalakodeti/.gradle/caches/modules-2/files-2.1/dom4j/dom4j/1.6.1/5d3ccc056b6f056dbf0dddfdf43894b9065a8f94/dom4j-1.6.1.jar:/Users/ravipalakodeti/.gradle/caches/modules-2/files-2.1/org.hibernate.common/hibernate-commons-annotations/5.0.1.Final/71e1cff3fcb20d3b3af4f3363c3ddb24d33c6879/hibernate-commons-annotations-5.0.1.Final.jar:/Users/ravipalakodeti/.gradle/caches/modules-2/files-2.1/org.springframework.data/spring-data-commons/1.13.8.RELEASE/2853e3c38e02d42529f6c8b247d7bace40c25642/spring-data-commons-1.13.8.RELEASE.jar:/Users/ravipalakodeti/.gradle/caches/modules-2/files-2.1/org.springframework/spring-orm/4.3.12.RELEASE/47bbe35a92944aeedf06a388098581272f8db9bd/spring-orm-4.3.12.RELEASE.jar:/Users/ravipalakodeti/.gradle/caches/modules-2/files-2.1/org.springframework/spring-tx/4.3.12.RELEASE/7147b6839b2bf9db3621b79c73b4dddbe69572b6/spring-tx-4.3.12.RELEASE.jar:/Users/ravipalakodeti/.gradle/caches/modules-2/files-2.1/org.slf4j/slf4j-api/1.7.25/da76ca59f6a57ee3102f8f9bd9cee742973efa8a/slf4j-api-1.7.25.jar:/Users/ravipalakodeti/.gradle/caches/modules-2/files-2.1/org.apache.openjpa/openjpa-kernel/2.4.1/fb5811b92c02f63d536b6d406dfd97f498930657/openjpa-kernel-2.4.1.jar:/Users/ravipalakodeti/.gradle/caches/modules-2/files-2.1/org.apache.geronimo.specs/geronimo-jpa_2.0_spec/1.1/f4d90788691f5f5f201f39a53a23d392cde660a3/geronimo-jpa_2.0_spec-1.1.jar:/Users/ravipalakodeti/.gradle/caches/modules-2/files-2.1/org.apache.camel/camel-spring/2.20.0/3a77165de80e3e535263a2a7dcbfd5248a289c3a/camel-spring-2.20.0.jar:/Users/ravipalakodeti/.gradle/caches/modules-2/files-2.1/com.sun.xml.bind/jaxb-core/2.2.11/c3f87d654f8d5943cd08592f3f758856544d279a/jaxb-core-2.2.11.jar:/Users/ravipalakodeti/.gradle/caches/modules-2/files-2.1/com.sun.xml.bind/jaxb-impl/2.2.11/a49ce57aee680f9435f49ba6ef427d38c93247a6/jaxb-impl-2.2.11.jar:/Users/ravipalakodeti/.gradle/caches/modules-2/files-2.1/net.minidev/json-smart/2.2.1/5b9e5df7a62d1279b70dc882b041d249c4f0b002/json-smart-2.2.1.jar:/Users/ravipalakodeti/.gradle/caches/modules-2/files-2.1/org.objenesis/objenesis/2.1/87c0ea803b69252868d09308b4618f766f135a96/objenesis-2.1.jar:/Users/ravipalakodeti/.gradle/caches/modules-2/files-2.1/com.vaadin.external.google/android-json/0.0.20131108.vaadin1/fa26d351fe62a6a17f5cda1287c1c6110dec413f/android-json-0.0.20131108.vaadin1.jar:/Users/ravipalakodeti/.gradle/caches/modules-2/files-2.1/org.apache.httpcomponents/httpcore/4.4.1/f5aa318bda4c6c8d688c9d00b90681dcd82ce636/httpcore-4.4.1.jar:/Users/ravipalakodeti/.gradle/caches/modules-2/files-2.1/commons-codec/commons-codec/1.10/4b95f4897fa13f2cd904aee711aeafc0c5295cd8/commons-codec-1.10.jar:/Users/ravipalakodeti/.gradle/caches/modules-2/files-2.1/io.rest-assured/rest-assured-common/3.0.5/af5429429daab43b34cea5fc9f25f92655b49d13/rest-assured-common-3.0.5.jar:/Users/ravipalakodeti/.gradle/caches/modules-2/files-2.1/org.apache.commons/commons-lang3/3.4/5fe28b9518e58819180a43a850fbc0dd24b7c050/commons-lang3-3.4.jar:/Users/ravipalakodeti/.gradle/caches/modules-2/files-2.1/org.springframework/spring-expression/4.3.12.RELEASE/790f69f6ad7f9da8d4a92c603ad7244c398c8309/spring-expression-4.3.12.RELEASE.jar:/Users/ravipalakodeti/.gradle/caches/modules-2/files-2.1/ch.qos.logback/logback-core/1.1.11/88b8df40340eed549fb07e2613879bf6b006704d/logback-core-1.1.11.jar:/Users/ravipalakodeti/.gradle/caches/modules-2/files-2.1/org.apache.tomcat/tomcat-annotations-api/8.5.23/aaf17df9fe0240e9e9d5375d24d5f177174b73d9/tomcat-annotations-api-8.5.23.jar:/Users/ravipalakodeti/.gradle/caches/modules-2/files-2.1/com.fasterxml/classmate/1.3.4/3d5f48f10bbe4eb7bd862f10c0583be2e0053c6/classmate-1.3.4.jar:/Users/ravipalakodeti/.gradle/caches/modules-2/files-2.1/org.glassfish.jersey.bundles.repackaged/jersey-guava/2.25.1/a2bb4f8208e134cf2cf71dfb8824e42942f7bd06/jersey-guava-2.25.1.jar:/Users/ravipalakodeti/.gradle/caches/modules-2/files-2.1/org.glassfish.hk2/osgi-resource-locator/1.0.1/4ed2b2d4738aed5786cfa64cba5a332779c4c708/osgi-resource-locator-1.0.1.jar:/Users/ravipalakodeti/.gradle/caches/modules-2/files-2.1/org.glassfish.hk2/hk2-utils/2.5.0-b32/5108a926988c4ceda7f1e681dddfe3101454a002/hk2-utils-2.5.0-b32.jar:/Users/ravipalakodeti/.gradle/caches/modules-2/files-2.1/org.glassfish.hk2.external/aopalliance-repackaged/2.5.0-b32/6af37c3f8ec6f9e9653ec837eb508da28ce443cd/aopalliance-repackaged-2.5.0-b32.jar:/Users/ravipalakodeti/.gradle/caches/modules-2/files-2.1/org.glassfish.hk2/config-types/2.5.0-b32/686bbe7f80b1b879d64c06bc6606c97721a795f2/config-types-2.5.0-b32.jar:/Users/ravipalakodeti/.gradle/caches/modules-2/files-2.1/org.glassfish.hk2/hk2-core/2.5.0-b32/8cb6a8a9522ec523b7740d29f555bdbe9d936af2/hk2-core-2.5.0-b32.jar:/Users/ravipalakodeti/.gradle/caches/modules-2/files-2.1/org.glassfish.hk2/hk2-config/2.5.0-b32/dce05ac4225dbc0c1c382ad02e3b5bee51f0168a/hk2-config-2.5.0-b32.jar:/Users/ravipalakodeti/.gradle/caches/modules-2/files-2.1/org.glassfish.hk2/hk2-runlevel/2.5.0-b32/60dc979763ea885e796cba4d3e322af8d500ba74/hk2-runlevel-2.5.0-b32.jar:/Users/ravipalakodeti/.gradle/caches/modules-2/files-2.1/org.glassfish.hk2/class-model/2.5.0-b32/17f054f3e91898c0c0fc52163ad904b13c24e8b/class-model-2.5.0-b32.jar:/Users/ravipalakodeti/.gradle/caches/modules-2/files-2.1/com.fasterxml.jackson.module/jackson-module-jaxb-annotations/2.8.10/22df8efd0cff7661bf136148c73e2651748f7600/jackson-module-jaxb-annotations-2.8.10.jar:/Users/ravipalakodeti/.gradle/caches/modules-2/files-2.1/org.apache.tomcat/tomcat-juli/8.5.23/98e7f0610b7b2fb8303f11be0210e3f5a56a7d55/tomcat-juli-8.5.23.jar:/Users/ravipalakodeti/.gradle/caches/modules-2/files-2.1/org.apache.openjpa/openjpa-lib/2.4.1/b068f5ca57dba756a0affa5d089594ba11413d09/openjpa-lib-2.4.1.jar:/Users/ravipalakodeti/.gradle/caches/modules-2/files-2.1/org.apache.geronimo.specs/geronimo-jms_1.1_spec/1.1.1/c872b46c601d8dc03633288b81269f9e42762cea/geronimo-jms_1.1_spec-1.1.1.jar:/Users/ravipalakodeti/.gradle/caches/modules-2/files-2.1/org.apache.geronimo.specs/geronimo-jta_1.1_spec/1.1.1/aabab3165b8ea936b9360abbf448459c0d04a5a4/geronimo-jta_1.1_spec-1.1.1.jar:/Users/ravipalakodeti/.gradle/caches/modules-2/files-2.1/commons-pool/commons-pool/1.6/4572d589699f09d866a226a14b7f4323c6d8f040/commons-pool-1.6.jar:/Users/ravipalakodeti/.gradle/caches/modules-2/files-2.1/org.apache.xbean/xbean-asm5-shaded/3.17/54eec23ce686611840d515ada298b32d03fbbf14/xbean-asm5-shaded-3.17.jar:/Users/ravipalakodeti/.gradle/caches/modules-2/files-2.1/net.minidev/accessors-smart/1.1/a527213f2fea112a04c9bdf0ec0264e34104cd08/accessors-smart-1.1.jar:/Users/ravipalakodeti/.gradle/caches/modules-2/files-2.1/org.glassfish.hk2.external/asm-all-repackaged/2.5.0-b32/dc705f1d54cd5a96cbc5a473525e75ef1cb59a9e/asm-all-repackaged-2.5.0-b32.jar:/Users/ravipalakodeti/.gradle/caches/modules-2/files-2.1/commons-lang/commons-lang/2.4/16313e02a793435009f1e458fa4af5d879f6fb11/commons-lang-2.4.jar:/Users/ravipalakodeti/.gradle/caches/modules-2/files-2.1/commons-collections/commons-collections/3.2.2/8ad72fe39fa8c91eaaf12aadb21e0c3661fe26d5/commons-collections-3.2.2.jar:/Users/ravipalakodeti/.gradle/caches/modules-2/files-2.1/net.sourceforge.serp/serp/1.15.1/922c4f6538ce59432ed00f26278a62735a3a41d/serp-1.15.1.jar:/Users/ravipalakodeti/.gradle/caches/modules-2/files-2.1/org.ow2.asm/asm/5.0.3/dcc2193db20e19e1feca8b1240dbbc4e190824fa/asm-5.0.3.jar, user.name=ravipalakodeti, java.vm.specification.version=1.8, sun.java.command=worker.org.gradle.process.internal.worker.GradleWorkerMain 'Gradle Test Executor 3', java.home=/Library/Java/JavaVirtualMachines/jdk1.8.0_91.jdk/Contents/Home/jre, sun.arch.data.model=64, user.language=en, java.specification.vendor=Oracle Corporation, awt.toolkit=sun.lwawt.macosx.LWCToolkit, java.vm.info=mixed mode, java.version=1.8.0_91, java.ext.dirs=/Users/ravipalakodeti/Library/Java/Extensions:/Library/Java/JavaVirtualMachines/jdk1.8.0_91.jdk/Contents/Home/jre/lib/ext:/Library/Java/Extensions:/Network/Library/Java/Extensions:/System/Library/Java/Extensions:/usr/lib/java, sun.boot.class.path=/Library/Java/JavaVirtualMachines/jdk1.8.0_91.jdk/Contents/Home/jre/lib/resources.jar:/Library/Java/JavaVirtualMachines/jdk1.8.0_91.jdk/Contents/Home/jre/lib/rt.jar:/Library/Java/JavaVirtualMachines/jdk1.8.0_91.jdk/Contents/Home/jre/lib/sunrsasign.jar:/Library/Java/JavaVirtualMachines/jdk1.8.0_91.jdk/Contents/Home/jre/lib/jsse.jar:/Library/Java/JavaVirtualMachines/jdk1.8.0_91.jdk/Contents/Home/jre/lib/jce.jar:/Library/Java/JavaVirtualMachines/jdk1.8.0_91.jdk/Contents/Home/jre/lib/charsets.jar:/Library/Java/JavaVirtualMachines/jdk1.8.0_91.jdk/Contents/Home/jre/lib/jfr.jar:/Library/Java/JavaVirtualMachines/jdk1.8.0_91.jdk/Contents/Home/jre/classes, java.vendor=Oracle Corporation, org.gradle.test.worker=3, file.separator=/, java.vendor.url.bug=http://bugreport.sun.com/bugreport/, sun.io.unicode.encoding=UnicodeBig, sun.cpu.endian=little, socksNonProxyHosts=local|*.local|169.254/16|*.169.254/16|192.168/16|*.192.168/16, ftp.nonProxyHosts=local|*.local|169.254/16|*.169.254/16|192.168/16|*.192.168/16, sun.cpu.isalist=}}, SystemEnvironmentPropertySource@1612989403 {name='systemEnvironment', properties={PATH=/Users/ravipalakodeti/.rvm/gems/ruby-2.2.4/bin:/Users/ravipalakodeti/.rvm/gems/ruby-2.2.4@global/bin:/Users/ravipalakodeti/.rvm/rubies/ruby-2.2.4/bin:/Users/ravipalakodeti/.opam/system/bin:/Users/ravipalakodeti/.gem/ruby/2.3.3/bin:/Users/ravipalakodeti/.rubies/ruby-2.3.3/lib/ruby/gems/2.3.0/bin:/Users/ravipalakodeti/.rubies/ruby-2.3.3/bin:/usr/local/bin:/usr/bin:/bin:/usr/sbin:/sbin:/opt/X11/bin:/usr/local/sbin:/Users/ravipalakodeti/tech/software/golang/bin:/usr/local/opt/go/libexec/bin:/Users/ravipalakodeti/.rvm/bin, IRBRC=/Users/ravipalakodeti/.rvm/rubies/ruby-2.2.4/.irbrc, SDKMAN_VERSION=5.2.1+136, SDKMAN_DIR=/Users/ravipalakodeti/.sdkman, LOGNAME=ravipalakodeti, rvm_version=1.27.0 (latest), PWD=/Users/ravipalakodeti/tech/projects/kubernetes/java-stateful-k8s, TERM_PROGRAM_VERSION=3.0.15, OCAML_TOPLEVEL_PATH=/Users/ravipalakodeti/.opam/system/lib/toplevel, SHELL=/bin/zsh, JAVA_MAIN_CLASS_62383=worker.org.gradle.process.internal.worker.GradleWorkerMain, PAGER=less, MY_RUBY_HOME=/Users/ravipalakodeti/.rvm/rubies/ruby-2.2.4, GOPATH=/Users/ravipalakodeti/tech/software/golang, OLDPWD=/Users/ravipalakodeti/tech/projects/kubernetes/java-stateful-k8s, GEM_HOME=/Users/ravipalakodeti/.rvm/gems/ruby-2.2.4, ZSH=/Users/ravipalakodeti/.oh-my-zsh, ITERM_PROFILE=Default, rvm_path=/Users/ravipalakodeti/.rvm, TMPDIR=/var/folders/xc/ks4rsvh54sl4zbtvm8qhwrtc0000gn/T/, RUBY_VERSION=ruby-2.2.4, XPC_FLAGS=0x0, TERM_SESSION_ID=w0t2p4:DF0E7A6F-258D-4D5A-A9E3-2344D21D5078, _system_name=OSX, GEM_ROOT=/Users/ravipalakodeti/.rubies/ruby-2.3.3/lib/ruby/gems/2.3.0, __CF_USER_TEXT_ENCODING=0x1F5:0x0:0x0, Apple_PubSub_Socket_Render=/private/tmp/com.apple.launchd.hZ731PfXTl/Render, LESS=-R, LC_CTYPE=en_US.UTF-8, COLORFGBG=15;0, SHLVL=1, SDKMAN_CURRENT_API=https://api.sdkman.io/2, JAVA_ARCH=x86_64, _system_arch=x86_64, MANPATH=:/Users/ravipalakodeti/.opam/system/man, rvm_bin_path=/Users/ravipalakodeti/.rvm/bin, TERM=xterm-256color, rvm_prefix=/Users/ravipalakodeti, LANG=en_US.UTF-8, ITERM_SESSION_ID=w0t2p4:DF0E7A6F-258D-4D5A-A9E3-2344D21D5078, CAML_LD_LIBRARY_PATH=/Users/ravipalakodeti/.opam/system/lib/stublibs:/usr/local/lib/ocaml/stublibs, XPC_SERVICE_NAME=0, PERL5LIB=/Users/ravipalakodeti/.opam/system/lib/perl5:, SDKMAN_CANDIDATES_DIR=/Users/ravipalakodeti/.sdkman/candidates, APP_NAME_62360=Gradle, SDKMAN_LEGACY_API=https://api.sdkman.io/1, TERM_PROGRAM=iTerm.app, JAVA_MAIN_CLASS_62360=org.gradle.wrapper.GradleWrapperMain, APP_ICON_62360=/Users/ravipalakodeti/tech/projects/kubernetes/java-stateful-k8s/media/gradle.icns, LSCOLORS=Gxfxcxdxbxegedabagacad, _system_type=Darwin, _system_version=10.12, SDKMAN_PLATFORM=Darwin, RUBY_ROOT=/Users/ravipalakodeti/.rubies/ruby-2.3.3, RUBY_ENGINE=ruby, USER=ravipalakodeti, GOROOT=/usr/local/opt/go/libexec, RUBYOPT=, OPAMUTF8MSGS=1, SSH_AUTH_SOCK=/private/tmp/com.apple.launchd.47ONF8YHZr/Listeners, GOBIN=/Users/ravipalakodeti/tech/software/golang/bin, GEM_PATH=/Users/ravipalakodeti/.rvm/gems/ruby-2.2.4:/Users/ravipalakodeti/.rvm/gems/ruby-2.2.4@global, com.apple.java.jvmTask=CommandLine, HOME=/Users/ravipalakodeti}}]
22:53:28.228 [Test worker] DEBUG org.springframework.core.io.support.PathMatchingResourcePatternResolver - Resolved classpath location [com/example/javastatefulk8s/] to resources [URL [file:/Users/ravipalakodeti/tech/projects/kubernetes/java-stateful-k8s/devops/app/classes/test/com/example/javastatefulk8s/], URL [file:/Users/ravipalakodeti/tech/projects/kubernetes/java-stateful-k8s/devops/app/classes/main/com/example/javastatefulk8s/]]
22:53:28.228 [Test worker] DEBUG org.springframework.core.io.support.PathMatchingResourcePatternResolver - Looking for matching resources in directory tree [/Users/ravipalakodeti/tech/projects/kubernetes/java-stateful-k8s/devops/app/classes/test/com/example/javastatefulk8s]
22:53:28.229 [Test worker] DEBUG org.springframework.core.io.support.PathMatchingResourcePatternResolver - Searching directory [/Users/ravipalakodeti/tech/projects/kubernetes/java-stateful-k8s/devops/app/classes/test/com/example/javastatefulk8s] for files matching pattern [/Users/ravipalakodeti/tech/projects/kubernetes/java-stateful-k8s/devops/app/classes/test/com/example/javastatefulk8s/*.class]
22:53:28.232 [Test worker] DEBUG org.springframework.core.io.support.PathMatchingResourcePatternResolver - Looking for matching resources in directory tree [/Users/ravipalakodeti/tech/projects/kubernetes/java-stateful-k8s/devops/app/classes/main/com/example/javastatefulk8s]
22:53:28.233 [Test worker] DEBUG org.springframework.core.io.support.PathMatchingResourcePatternResolver - Searching directory [/Users/ravipalakodeti/tech/projects/kubernetes/java-stateful-k8s/devops/app/classes/main/com/example/javastatefulk8s] for files matching pattern [/Users/ravipalakodeti/tech/projects/kubernetes/java-stateful-k8s/devops/app/classes/main/com/example/javastatefulk8s/*.class]
22:53:28.235 [Test worker] DEBUG org.springframework.core.io.support.PathMatchingResourcePatternResolver - Resolved location pattern [classpath*:com/example/javastatefulk8s/*.class] to resources [file [/Users/ravipalakodeti/tech/projects/kubernetes/java-stateful-k8s/devops/app/classes/test/com/example/javastatefulk8s/DemoApplicationTests.class], file [/Users/ravipalakodeti/tech/projects/kubernetes/java-stateful-k8s/devops/app/classes/main/com/example/javastatefulk8s/DemoApplication.class]]
22:53:28.272 [Test worker] DEBUG org.springframework.context.annotation.ClassPathScanningCandidateComponentProvider - Identified candidate component class: file [/Users/ravipalakodeti/tech/projects/kubernetes/java-stateful-k8s/devops/app/classes/main/com/example/javastatefulk8s/DemoApplication.class]
22:53:28.274 [Test worker] INFO org.springframework.boot.test.context.SpringBootTestContextBootstrapper - Found @SpringBootConfiguration com.example.javastatefulk8s.DemoApplication for test class com.example.javastatefulk8s.DemoApplicationTests
22:53:28.277 [Test worker] DEBUG org.springframework.boot.test.context.SpringBootTestContextBootstrapper - @TestExecutionListeners is not present for class [com.example.javastatefulk8s.DemoApplicationTests]: using defaults.
22:53:28.282 [Test worker] INFO org.springframework.boot.test.context.SpringBootTestContextBootstrapper - Loaded default TestExecutionListener class names from location [META-INF/spring.factories]: [org.springframework.boot.test.mock.mockito.MockitoTestExecutionListener, org.springframework.boot.test.mock.mockito.ResetMocksTestExecutionListener, org.springframework.boot.test.autoconfigure.restdocs.RestDocsTestExecutionListener, org.springframework.boot.test.autoconfigure.web.client.MockRestServiceServerResetTestExecutionListener, org.springframework.boot.test.autoconfigure.web.servlet.MockMvcPrintOnlyOnFailureTestExecutionListener, org.springframework.boot.test.autoconfigure.web.servlet.WebDriverTestExecutionListener, org.springframework.test.context.web.ServletTestExecutionListener, org.springframework.test.context.support.DirtiesContextBeforeModesTestExecutionListener, org.springframework.test.context.support.DependencyInjectionTestExecutionListener, org.springframework.test.context.support.DirtiesContextTestExecutionListener, org.springframework.test.context.transaction.TransactionalTestExecutionListener, org.springframework.test.context.jdbc.SqlScriptsTestExecutionListener]
22:53:28.304 [Test worker] INFO org.springframework.boot.test.context.SpringBootTestContextBootstrapper - Using TestExecutionListeners: [org.springframework.test.context.web.ServletTestExecutionListener@b23565c, org.springframework.test.context.support.DirtiesContextBeforeModesTestExecutionListener@3cc878c4, org.springframework.boot.test.autoconfigure.SpringBootDependencyInjectionTestExecutionListener@27bd5528, org.springframework.test.context.support.DirtiesContextTestExecutionListener@42261766, org.springframework.test.context.transaction.TransactionalTestExecutionListener@532638c8, org.springframework.test.context.jdbc.SqlScriptsTestExecutionListener@2cd77430, org.springframework.boot.test.autoconfigure.web.servlet.MockMvcPrintOnlyOnFailureTestExecutionListener@610e7097, org.springframework.boot.test.autoconfigure.restdocs.RestDocsTestExecutionListener@13e1d6f7, org.springframework.boot.test.mock.mockito.ResetMocksTestExecutionListener@71e35c3b, org.springframework.boot.test.mock.mockito.MockitoTestExecutionListener@6602d0c3, org.springframework.boot.test.autoconfigure.web.client.MockRestServiceServerResetTestExecutionListener@741a8e5c, org.springframework.boot.test.autoconfigure.web.servlet.WebDriverTestExecutionListener@69d1b846]
22:53:28.306 [Test worker] DEBUG org.springframework.test.annotation.ProfileValueUtils - Retrieved @ProfileValueSourceConfiguration [null] for test class [com.example.javastatefulk8s.DemoApplicationTests]
22:53:28.306 [Test worker] DEBUG org.springframework.test.annotation.ProfileValueUtils - Retrieved ProfileValueSource type [class org.springframework.test.annotation.SystemProfileValueSource] for class [com.example.javastatefulk8s.DemoApplicationTests]
22:53:28.307 [Test worker] DEBUG org.springframework.test.annotation.ProfileValueUtils - Retrieved @ProfileValueSourceConfiguration [null] for test class [com.example.javastatefulk8s.DemoApplicationTests]
22:53:28.307 [Test worker] DEBUG org.springframework.test.annotation.ProfileValueUtils - Retrieved ProfileValueSource type [class org.springframework.test.annotation.SystemProfileValueSource] for class [com.example.javastatefulk8s.DemoApplicationTests]
22:53:28.310 [Test worker] DEBUG org.springframework.test.context.support.AbstractDirtiesContextTestExecutionListener - Before test class: context [DefaultTestContext@6787b073 testClass = DemoApplicationTests, testInstance = [null], testMethod = [null], testException = [null], mergedContextConfiguration = [WebMergedContextConfiguration@369d6582 testClass = DemoApplicationTests, locations = '{}', classes = '{class com.example.javastatefulk8s.DemoApplication}', contextInitializerClasses = '[]', activeProfiles = '{}', propertySourceLocations = '{}', propertySourceProperties = '{org.springframework.boot.test.context.SpringBootTestContextBootstrapper=true, server.port=0}', contextCustomizers = set[org.springframework.boot.test.context.SpringBootTestContextCustomizer@42177e6c, org.springframework.boot.test.context.filter.ExcludeFilterContextCustomizer@8069480, org.springframework.boot.test.json.DuplicateJsonObjectContextCustomizerFactory$DuplicateJsonObjectContextCustomizer@4a3a7f, org.springframework.boot.test.mock.mockito.MockitoContextCustomizer@0, org.springframework.boot.test.autoconfigure.properties.PropertyMappingContextCustomizer@0, org.springframework.boot.test.autoconfigure.web.servlet.WebDriverContextCustomizerFactory$Customizer@696cf460], resourceBasePath = 'src/main/webapp', contextLoader = 'org.springframework.boot.test.context.SpringBootContextLoader', parent = [null]]], class annotated with @DirtiesContext [false] with mode [null].
22:53:28.311 [Test worker] DEBUG org.springframework.test.annotation.ProfileValueUtils - Retrieved @ProfileValueSourceConfiguration [null] for test class [com.example.javastatefulk8s.DemoApplicationTests]
22:53:28.311 [Test worker] DEBUG org.springframework.test.annotation.ProfileValueUtils - Retrieved ProfileValueSource type [class org.springframework.test.annotation.SystemProfileValueSource] for class [com.example.javastatefulk8s.DemoApplicationTests]
22:53:28.449 [Test worker] DEBUG org.springframework.test.context.support.DependencyInjectionTestExecutionListener - Performing dependency injection for test context [[DefaultTestContext@6787b073 testClass = DemoApplicationTests, testInstance = com.example.javastatefulk8s.DemoApplicationTests@45583dc6, testMethod = [null], testException = [null], mergedContextConfiguration = [WebMergedContextConfiguration@369d6582 testClass = DemoApplicationTests, locations = '{}', classes = '{class com.example.javastatefulk8s.DemoApplication}', contextInitializerClasses = '[]', activeProfiles = '{}', propertySourceLocations = '{}', propertySourceProperties = '{org.springframework.boot.test.context.SpringBootTestContextBootstrapper=true, server.port=0}', contextCustomizers = set[org.springframework.boot.test.context.SpringBootTestContextCustomizer@42177e6c, org.springframework.boot.test.context.filter.ExcludeFilterContextCustomizer@8069480, org.springframework.boot.test.json.DuplicateJsonObjectContextCustomizerFactory$DuplicateJsonObjectContextCustomizer@4a3a7f, org.springframework.boot.test.mock.mockito.MockitoContextCustomizer@0, org.springframework.boot.test.autoconfigure.properties.PropertyMappingContextCustomizer@0, org.springframework.boot.test.autoconfigure.web.servlet.WebDriverContextCustomizerFactory$Customizer@696cf460], resourceBasePath = 'src/main/webapp', contextLoader = 'org.springframework.boot.test.context.SpringBootContextLoader', parent = [null]]]].
22:53:28.498 [Test worker] DEBUG org.springframework.core.env.StandardEnvironment - Adding PropertySource 'systemProperties' with lowest search precedence
22:53:28.498 [Test worker] DEBUG org.springframework.core.env.StandardEnvironment - Adding PropertySource 'systemEnvironment' with lowest search precedence
22:53:28.499 [Test worker] DEBUG org.springframework.core.env.StandardEnvironment - Initialized StandardEnvironment with PropertySources [MapPropertySource@1233259283 {name='systemProperties', properties={java.runtime.name=Java(TM) SE Runtime Environment, sun.boot.library.path=/Library/Java/JavaVirtualMachines/jdk1.8.0_91.jdk/Contents/Home/jre/lib, java.vm.version=25.91-b14, gopherProxySet=false, java.vm.vendor=Oracle Corporation, java.vendor.url=http://java.oracle.com/, path.separator=:, java.vm.name=Java HotSpot(TM) 64-Bit Server VM, file.encoding.pkg=sun.io, sun.java.launcher=SUN_STANDARD, user.country=US, sun.os.patch.level=unknown, java.vm.specification.name=Java Virtual Machine Specification, user.dir=/Users/ravipalakodeti/tech/projects/kubernetes/java-stateful-k8s, java.runtime.version=1.8.0_91-b14, java.awt.graphicsenv=sun.awt.CGraphicsEnvironment, java.endorsed.dirs=/Library/Java/JavaVirtualMachines/jdk1.8.0_91.jdk/Contents/Home/jre/lib/endorsed, os.arch=x86_64, java.io.tmpdir=/var/folders/xc/ks4rsvh54sl4zbtvm8qhwrtc0000gn/T/, line.separator=
, java.vm.specification.vendor=Oracle Corporation, user.variant=, os.name=Mac OS X, sun.jnu.encoding=UTF-8, java.library.path=/Users/ravipalakodeti/Library/Java/Extensions:/Library/Java/Extensions:/Network/Library/Java/Extensions:/System/Library/Java/Extensions:/usr/lib/java:., java.specification.name=Java Platform API Specification, java.class.version=52.0, sun.management.compiler=HotSpot 64-Bit Tiered Compilers, os.version=10.12.6, http.nonProxyHosts=local|*.local|169.254/16|*.169.254/16|192.168/16|*.192.168/16, user.home=/Users/ravipalakodeti, user.timezone=America/Chicago, java.awt.printerjob=sun.lwawt.macosx.CPrinterJob, file.encoding=UTF-8, java.specification.version=1.8, java.class.path=/Users/ravipalakodeti/tech/projects/kubernetes/java-stateful-k8s/devops/app/classes/test:/Users/ravipalakodeti/tech/projects/kubernetes/java-stateful-k8s/devops/app/resources/test:/Users/ravipalakodeti/tech/projects/kubernetes/java-stateful-k8s/devops/app/classes/main:/Users/ravipalakodeti/tech/projects/kubernetes/java-stateful-k8s/devops/app/resources/main:/Users/ravipalakodeti/.gradle/caches/modules-2/files-2.1/org.springframework.boot/spring-boot-starter/1.5.8.RELEASE/18048efe1f06569022a53cc3fb2fe9c0162935a3/spring-boot-starter-1.5.8.RELEASE.jar:/Users/ravipalakodeti/.gradle/caches/modules-2/files-2.1/org.springframework.boot/spring-boot-starter-jersey/1.5.8.RELEASE/a02325b0750bff113e6fe1919080e31ca8c486b0/spring-boot-starter-jersey-1.5.8.RELEASE.jar:/Users/ravipalakodeti/.gradle/caches/modules-2/files-2.1/org.springframework.boot/spring-boot-starter-data-jpa/1.5.8.RELEASE/55bb5e8aea5707f79ee9888ad75261a7b7df4654/spring-boot-starter-data-jpa-1.5.8.RELEASE.jar:/Users/ravipalakodeti/.gradle/caches/modules-2/files-2.1/org.apache.openjpa/openjpa-persistence-jdbc/2.4.1/d5fc1d6a3d50c234ccebf847b301e1616cc2ca61/openjpa-persistence-jdbc-2.4.1.jar:/Users/ravipalakodeti/.gradle/caches/modules-2/files-2.1/org.codehaus.groovy/groovy-json/2.4.12/810b46f2b359b904c4c7428ad4c03c09094a01ff/groovy-json-2.4.12.jar:/Users/ravipalakodeti/.gradle/caches/modules-2/files-2.1/org.codehaus.groovy/groovy/2.4.12/a43be367110c491787219f1c128b5b5fc54f1e70/groovy-2.4.12.jar:/Users/ravipalakodeti/.gradle/caches/modules-2/files-2.1/org.springframework.boot/spring-boot-devtools/1.5.8.RELEASE/ea212262e3ae47e76fa176358fcf9ee2780b80da/spring-boot-devtools-1.5.8.RELEASE.jar:/Users/ravipalakodeti/.gradle/caches/modules-2/files-2.1/org.apache.camel/camel-spring-boot-starter/2.20.0/c28af8b79d6eae9beddf24d54132263cce0c4118/camel-spring-boot-starter-2.20.0.jar:/Users/ravipalakodeti/.gradle/caches/modules-2/files-2.1/org.apache.camel/camel-jsonpath/2.20.0/b047c35796f9344fb198b98d6316ae1663148b64/camel-jsonpath-2.20.0.jar:/Users/ravipalakodeti/.gradle/caches/modules-2/files-2.1/org.postgresql/postgresql/9.4.1211/721e3017fab68db9f0b08537ec91b8d757973ca8/postgresql-9.4.1211.jar:/Users/ravipalakodeti/.gradle/caches/modules-2/files-2.1/org.flywaydb/flyway-core/4.0.3/638bafe93a0f8bf0fe5224bbf0a84a2fdaa65d1f/flyway-core-4.0.3.jar:/Users/ravipalakodeti/.gradle/caches/modules-2/files-2.1/org.springframework.boot/spring-boot-starter-test/1.5.8.RELEASE/20b767f594924b32950286f1236ab7d68ff861f9/spring-boot-starter-test-1.5.8.RELEASE.jar:/Users/ravipalakodeti/.gradle/caches/modules-2/files-2.1/io.rest-assured/rest-assured/3.0.5/e38cb80389121458bb7b3128e53d2781cbc7a5b6/rest-assured-3.0.5.jar:/Users/ravipalakodeti/.gradle/caches/modules-2/files-2.1/org.hamcrest/hamcrest-core/1.3/42a25dc3219429f0e5d060061f71acb49bf010a0/hamcrest-core-1.3.jar:/Users/ravipalakodeti/.gradle/caches/modules-2/files-2.1/org.springframework.boot/spring-boot/1.5.8.RELEASE/748ebde51761e12627ad23d064024f342b18f9b4/spring-boot-1.5.8.RELEASE.jar:/Users/ravipalakodeti/.gradle/caches/modules-2/files-2.1/org.springframework.boot/spring-boot-autoconfigure/1.5.8.RELEASE/e4f2efa4c319f4e3613d94fbccfdb5ccda6873e3/spring-boot-autoconfigure-1.5.8.RELEASE.jar:/Users/ravipalakodeti/.gradle/caches/modules-2/files-2.1/org.springframework.boot/spring-boot-starter-logging/1.5.8.RELEASE/ebc00a0e46753d90431fdcc5e3d6b9fd3bf1564a/spring-boot-starter-logging-1.5.8.RELEASE.jar:/Users/ravipalakodeti/.gradle/caches/modules-2/files-2.1/org.springframework/spring-core/4.3.12.RELEASE/4cebc69478c6d350dbd5af28e3db7d5694f416e3/spring-core-4.3.12.RELEASE.jar:/Users/ravipalakodeti/.gradle/caches/modules-2/files-2.1/org.yaml/snakeyaml/1.17/7a27ea250c5130b2922b86dea63cbb1cc10a660c/snakeyaml-1.17.jar:/Users/ravipalakodeti/.gradle/caches/modules-2/files-2.1/org.springframework.boot/spring-boot-starter-tomcat/1.5.8.RELEASE/cf3b7eb7e192a60ab1dd09e4f8bce82710a5feb0/spring-boot-starter-tomcat-1.5.8.RELEASE.jar:/Users/ravipalakodeti/.gradle/caches/modules-2/files-2.1/org.springframework.boot/spring-boot-starter-validation/1.5.8.RELEASE/69aade16cb32a9438375bbdea975a4bc9cfd5048/spring-boot-starter-validation-1.5.8.RELEASE.jar:/Users/ravipalakodeti/.gradle/caches/modules-2/files-2.1/com.fasterxml.jackson.core/jackson-databind/2.8.10/f7b83cb2bc4b88d53961e749e1ad32f49ef017b7/jackson-databind-2.8.10.jar:/Users/ravipalakodeti/.gradle/caches/modules-2/files-2.1/org.springframework/spring-web/4.3.12.RELEASE/86c29588cca74d0fc848b194cb13fcdfd12bc990/spring-web-4.3.12.RELEASE.jar:/Users/ravipalakodeti/.gradle/caches/modules-2/files-2.1/org.glassfish.jersey.core/jersey-server/2.25.1/276e2ee0fd1cdabf99357fce560c5baab675b1a2/jersey-server-2.25.1.jar:/Users/ravipalakodeti/.gradle/caches/modules-2/files-2.1/org.glassfish.jersey.containers/jersey-container-servlet-core/2.25.1/400e30bb035a0cdf3c554530224141ce659a0d1e/jersey-container-servlet-core-2.25.1.jar:/Users/ravipalakodeti/.gradle/caches/modules-2/files-2.1/org.glassfish.jersey.containers/jersey-container-servlet/2.25.1/cf5f7a76fcea38158b890ab7a0142d4db709a882/jersey-container-servlet-2.25.1.jar:/Users/ravipalakodeti/.gradle/caches/modules-2/files-2.1/org.glassfish.jersey.ext/jersey-bean-validation/2.25.1/1971927d79cad0ad2b5a3bfda24967748a2023d/jersey-bean-validation-2.25.1.jar:/Users/ravipalakodeti/.gradle/caches/modules-2/files-2.1/org.glassfish.jersey.ext/jersey-spring3/2.25.1/a31bfcd2fcae5beb979d3f41079b6f4020d6fbc9/jersey-spring3-2.25.1.jar:/Users/ravipalakodeti/.gradle/caches/modules-2/files-2.1/org.glassfish.jersey.media/jersey-media-json-jackson/2.25.1/19d1e4276eb7b6386640c344d9e5c01eba7eae5d/jersey-media-json-jackson-2.25.1.jar:/Users/ravipalakodeti/.gradle/caches/modules-2/files-2.1/org.springframework.boot/spring-boot-starter-aop/1.5.8.RELEASE/9bc9a40e0718726ed48f6becc509b2d186f1ebcc/spring-boot-starter-aop-1.5.8.RELEASE.jar:/Users/ravipalakodeti/.gradle/caches/modules-2/files-2.1/org.springframework.boot/spring-boot-starter-jdbc/1.5.8.RELEASE/fc98631eba9817c920b9ac1c5845214f49637a33/spring-boot-starter-jdbc-1.5.8.RELEASE.jar:/Users/ravipalakodeti/.gradle/caches/modules-2/files-2.1/org.hibernate/hibernate-core/5.0.12.Final/e58bf1c660e6706d8e2cbb53bae110f574366102/hibernate-core-5.0.12.Final.jar:/Users/ravipalakodeti/.gradle/caches/modules-2/files-2.1/org.hibernate/hibernate-entitymanager/5.0.12.Final/302a526f5058290e9cbd719a5caf9f248d344719/hibernate-entitymanager-5.0.12.Final.jar:/Users/ravipalakodeti/.gradle/caches/modules-2/files-2.1/javax.transaction/javax.transaction-api/1.2/d81aff979d603edd90dcd8db2abc1f4ce6479e3e/javax.transaction-api-1.2.jar:/Users/ravipalakodeti/.gradle/caches/modules-2/files-2.1/org.springframework.data/spring-data-jpa/1.11.8.RELEASE/d674b8407de3d2998c106557fd6a6665de2bc217/spring-data-jpa-1.11.8.RELEASE.jar:/Users/ravipalakodeti/.gradle/caches/modules-2/files-2.1/org.springframework/spring-aspects/4.3.12.RELEASE/b0002bfdd0d58f09fc178afc5f2d0553ff117840/spring-aspects-4.3.12.RELEASE.jar:/Users/ravipalakodeti/.gradle/caches/modules-2/files-2.1/org.apache.openjpa/openjpa-jdbc/2.4.1/62ca00a52c141ef2e89078aeb24c6663fba690b/openjpa-jdbc-2.4.1.jar:/Users/ravipalakodeti/.gradle/caches/modules-2/files-2.1/org.apache.openjpa/openjpa-persistence/2.4.1/689ae265c2be21fb77f137c178f7e615da4fb710/openjpa-persistence-2.4.1.jar:/Users/ravipalakodeti/.gradle/caches/modules-2/files-2.1/org.apache.camel/camel-spring-boot/2.20.0/8b8d9c9ad42428a1c28069b13bb9aa5ce88d8b7b/camel-spring-boot-2.20.0.jar:/Users/ravipalakodeti/.gradle/caches/modules-2/files-2.1/org.apache.camel/camel-core-starter/2.20.0/321a99785b7b5f7dd98c853869206e0cadb0a593/camel-core-starter-2.20.0.jar:/Users/ravipalakodeti/.gradle/caches/modules-2/files-2.1/org.apache.camel/camel-core/2.20.0/c2c32396575550722d37fbccee73a06dbad1d6f6/camel-core-2.20.0.jar:/Users/ravipalakodeti/.gradle/caches/modules-2/files-2.1/com.jayway.jsonpath/json-path/2.2.0/22290d17944bd239fabf5ac69005a60a7ecbbbcb/json-path-2.2.0.jar:/Users/ravipalakodeti/.gradle/caches/modules-2/files-2.1/org.springframework.boot/spring-boot-test/1.5.8.RELEASE/17dedee86d1a9e9bd409d715fd90650ca1049659/spring-boot-test-1.5.8.RELEASE.jar:/Users/ravipalakodeti/.gradle/caches/modules-2/files-2.1/org.springframework.boot/spring-boot-test-autoconfigure/1.5.8.RELEASE/a8f986cc4b6ecef1417fe50c20984f12f54d15cc/spring-boot-test-autoconfigure-1.5.8.RELEASE.jar:/Users/ravipalakodeti/.gradle/caches/modules-2/files-2.1/junit/junit/4.12/2973d150c0dc1fefe998f834810d68f278ea58ec/junit-4.12.jar:/Users/ravipalakodeti/.gradle/caches/modules-2/files-2.1/org.assertj/assertj-core/2.4.1/59d2e0df335341f201e9c9f7354ae3d040950d23/assertj-core-2.4.1.jar:/Users/ravipalakodeti/.gradle/caches/modules-2/files-2.1/org.mockito/mockito-core/1.10.19/e8546f5bef4e061d8dd73895b4e8f40e3fe6effe/mockito-core-1.10.19.jar:/Users/ravipalakodeti/.gradle/caches/modules-2/files-2.1/org.hamcrest/hamcrest-library/1.3/4785a3c21320980282f9f33d0d1264a69040538f/hamcrest-library-1.3.jar:/Users/ravipalakodeti/.gradle/caches/modules-2/files-2.1/org.skyscreamer/jsonassert/1.4.0/9cdbb373a06f6513e51e8c545ee6a5e981463edb/jsonassert-1.4.0.jar:/Users/ravipalakodeti/.gradle/caches/modules-2/files-2.1/org.springframework/spring-test/4.3.12.RELEASE/825a7ac1014528db722a6cc94cceaef2410cb314/spring-test-4.3.12.RELEASE.jar:/Users/ravipalakodeti/.gradle/caches/modules-2/files-2.1/org.codehaus.groovy/groovy-xml/2.4.12/b5c023bbbc8a4bbf9c0b38d731fe31d53f00c64a/groovy-xml-2.4.12.jar:/Users/ravipalakodeti/.gradle/caches/modules-2/files-2.1/org.apache.httpcomponents/httpclient/4.5/a1e6cbb3cc2c5f210dd1310ff9fcb2c09c0d1438/httpclient-4.5.jar:/Users/ravipalakodeti/.gradle/caches/modules-2/files-2.1/org.apache.httpcomponents/httpmime/4.5.3/889fd6d061bb63b99dd5c6aba35a555ae863de52/httpmime-4.5.3.jar:/Users/ravipalakodeti/.gradle/caches/modules-2/files-2.1/org.ccil.cowan.tagsoup/tagsoup/1.2.1/5584627487e984c03456266d3f8802eb85a9ce97/tagsoup-1.2.1.jar:/Users/ravipalakodeti/.gradle/caches/modules-2/files-2.1/io.rest-assured/json-path/3.0.5/f6b74222d61d026717ab8a9c34a95ce79884658f/json-path-3.0.5.jar:/Users/ravipalakodeti/.gradle/caches/modules-2/files-2.1/io.rest-assured/xml-path/3.0.5/2ec8254dabe769589bda9d0b0321a91fab5a23f9/xml-path-3.0.5.jar:/Users/ravipalakodeti/.gradle/caches/modules-2/files-2.1/org.springframework/spring-context/4.3.12.RELEASE/5e6d26f36636f36b7efec1d6a0c5991284fbd95b/spring-context-4.3.12.RELEASE.jar:/Users/ravipalakodeti/.gradle/caches/modules-2/files-2.1/ch.qos.logback/logback-classic/1.1.11/ccedfbacef4a6515d2983e3f89ed753d5d4fb665/logback-classic-1.1.11.jar:/Users/ravipalakodeti/.gradle/caches/modules-2/files-2.1/org.slf4j/jcl-over-slf4j/1.7.25/f8c32b13ff142a513eeb5b6330b1588dcb2c0461/jcl-over-slf4j-1.7.25.jar:/Users/ravipalakodeti/.gradle/caches/modules-2/files-2.1/org.slf4j/jul-to-slf4j/1.7.25/af5364cd6679bfffb114f0dec8a157aaa283b76/jul-to-slf4j-1.7.25.jar:/Users/ravipalakodeti/.gradle/caches/modules-2/files-2.1/org.slf4j/log4j-over-slf4j/1.7.25/a87bb47468f47ee7aabbd54f93e133d4215769c3/log4j-over-slf4j-1.7.25.jar:/Users/ravipalakodeti/.gradle/caches/modules-2/files-2.1/org.apache.tomcat.embed/tomcat-embed-core/8.5.23/79261793a47f507890ee08f749b9d81774e4f7f0/tomcat-embed-core-8.5.23.jar:/Users/ravipalakodeti/.gradle/caches/modules-2/files-2.1/org.apache.tomcat.embed/tomcat-embed-el/8.5.23/98d979cde444dffa6d434c8377d0123b2dfa614c/tomcat-embed-el-8.5.23.jar:/Users/ravipalakodeti/.gradle/caches/modules-2/files-2.1/org.apache.tomcat.embed/tomcat-embed-websocket/8.5.23/52f07abcae10dc7e1764304b0877def175c2c833/tomcat-embed-websocket-8.5.23.jar:/Users/ravipalakodeti/.gradle/caches/modules-2/files-2.1/org.hibernate/hibernate-validator/5.3.5.Final/622a9bcef2eed6d41b5b8e0662c36212009e375/hibernate-validator-5.3.5.Final.jar:/Users/ravipalakodeti/.gradle/caches/modules-2/files-2.1/com.fasterxml.jackson.core/jackson-annotations/2.8.0/45b426f7796b741035581a176744d91090e2e6fb/jackson-annotations-2.8.0.jar:/Users/ravipalakodeti/.gradle/caches/modules-2/files-2.1/com.fasterxml.jackson.core/jackson-core/2.8.10/eb21a035c66ad307e66ec8fce37f5d50fd62d039/jackson-core-2.8.10.jar:/Users/ravipalakodeti/.gradle/caches/modules-2/files-2.1/org.springframework/spring-aop/4.3.12.RELEASE/b3fef085902993c2ef874c45c7bfd79296d5a5a4/spring-aop-4.3.12.RELEASE.jar:/Users/ravipalakodeti/.gradle/caches/modules-2/files-2.1/org.springframework/spring-beans/4.3.12.RELEASE/547dd432d47d0f01d9ccbedc4b705f9f7c1240a/spring-beans-4.3.12.RELEASE.jar:/Users/ravipalakodeti/.gradle/caches/modules-2/files-2.1/org.glassfish.jersey.core/jersey-common/2.25.1/2438ce68d4907046095ab54aa83a6092951b4bbb/jersey-common-2.25.1.jar:/Users/ravipalakodeti/.gradle/caches/modules-2/files-2.1/org.glassfish.jersey.core/jersey-client/2.25.1/4d563b1f93352ee9fad597e9e1daf2c6159993c6/jersey-client-2.25.1.jar:/Users/ravipalakodeti/.gradle/caches/modules-2/files-2.1/javax.ws.rs/javax.ws.rs-api/2.0.1/104e9c2b5583cfcfeac0402316221648d6d8ea6b/javax.ws.rs-api-2.0.1.jar:/Users/ravipalakodeti/.gradle/caches/modules-2/files-2.1/org.glassfish.jersey.media/jersey-media-jaxb/2.25.1/d7da0beeed5614a3bfd882662faec602699e24b/jersey-media-jaxb-2.25.1.jar:/Users/ravipalakodeti/.gradle/caches/modules-2/files-2.1/javax.annotation/javax.annotation-api/1.2/479c1e06db31c432330183f5cae684163f186146/javax.annotation-api-1.2.jar:/Users/ravipalakodeti/.gradle/caches/modules-2/files-2.1/org.glassfish.hk2/hk2-api/2.5.0-b32/6a576c9653832ce610b80a2f389374ef19d96171/hk2-api-2.5.0-b32.jar:/Users/ravipalakodeti/.gradle/caches/modules-2/files-2.1/org.glassfish.hk2.external/javax.inject/2.5.0-b32/b2fa50c8186a38728c35fe6a9da57ce4cc806923/javax.inject-2.5.0-b32.jar:/Users/ravipalakodeti/.gradle/caches/modules-2/files-2.1/org.glassfish.hk2/hk2-locator/2.5.0-b32/195474f8ad0a8d130e9ea949a771bcf1215fc33b/hk2-locator-2.5.0-b32.jar:/Users/ravipalakodeti/.gradle/caches/modules-2/files-2.1/javax.validation/validation-api/1.1.0.Final/8613ae82954779d518631e05daa73a6a954817d5/validation-api-1.1.0.Final.jar:/Users/ravipalakodeti/.gradle/caches/modules-2/files-2.1/org.glassfish.hk2/hk2/2.5.0-b32/c3accae585955e49c771d464899e906ecc9ffb4/hk2-2.5.0-b32.jar:/Users/ravipalakodeti/.gradle/caches/modules-2/files-2.1/org.glassfish.hk2/spring-bridge/2.5.0-b32/f38ecef23edc769942a95c062efd63541044de42/spring-bridge-2.5.0-b32.jar:/Users/ravipalakodeti/.gradle/caches/modules-2/files-2.1/org.glassfish.jersey.ext/jersey-entity-filtering/2.25.1/4a5805060f796ec2c9bb1ba0ce91c1db6d889524/jersey-entity-filtering-2.25.1.jar:/Users/ravipalakodeti/.gradle/caches/modules-2/files-2.1/com.fasterxml.jackson.jaxrs/jackson-jaxrs-base/2.8.10/50a3d02a31cb427272a96fe696b5ac9442c7cfa1/jackson-jaxrs-base-2.8.10.jar:/Users/ravipalakodeti/.gradle/caches/modules-2/files-2.1/com.fasterxml.jackson.jaxrs/jackson-jaxrs-json-provider/2.8.10/f8837cf03871569eb02a491dea64929e5da14b4/jackson-jaxrs-json-provider-2.8.10.jar:/Users/ravipalakodeti/.gradle/caches/modules-2/files-2.1/org.aspectj/aspectjweaver/1.8.4/2ee166facba0b05c5dc444a934027baa114fddd9/aspectjweaver-1.8.4.jar:/Users/ravipalakodeti/.gradle/caches/modules-2/files-2.1/org.apache.tomcat/tomcat-jdbc/8.5.23/6036400a8f2d90dd3ae3a4d09e5136c56002887b/tomcat-jdbc-8.5.23.jar:/Users/ravipalakodeti/.gradle/caches/modules-2/files-2.1/org.springframework/spring-jdbc/4.3.12.RELEASE/5c840abbdc1a1dfd0f79c4a4c25eac0c98e6af22/spring-jdbc-4.3.12.RELEASE.jar:/Users/ravipalakodeti/.gradle/caches/modules-2/files-2.1/org.jboss.logging/jboss-logging/3.3.1.Final/c46217ab74b532568c0ed31dc599db3048bd1b67/jboss-logging-3.3.1.Final.jar:/Users/ravipalakodeti/.gradle/caches/modules-2/files-2.1/org.hibernate.javax.persistence/hibernate-jpa-2.1-api/1.0.0.Final/5e731d961297e5a07290bfaf3db1fbc8bbbf405a/hibernate-jpa-2.1-api-1.0.0.Final.jar:/Users/ravipalakodeti/.gradle/caches/modules-2/files-2.1/org.javassist/javassist/3.21.0-GA/598244f595db5c5fb713731eddbb1c91a58d959b/javassist-3.21.0-GA.jar:/Users/ravipalakodeti/.gradle/caches/modules-2/files-2.1/antlr/antlr/2.7.7/83cd2cd674a217ade95a4bb83a8a14f351f48bd0/antlr-2.7.7.jar:/Users/ravipalakodeti/.gradle/caches/modules-2/files-2.1/org.jboss/jandex/2.0.0.Final/3e899258936f94649c777193e1be846387ed54b3/jandex-2.0.0.Final.jar:/Users/ravipalakodeti/.gradle/caches/modules-2/files-2.1/dom4j/dom4j/1.6.1/5d3ccc056b6f056dbf0dddfdf43894b9065a8f94/dom4j-1.6.1.jar:/Users/ravipalakodeti/.gradle/caches/modules-2/files-2.1/org.hibernate.common/hibernate-commons-annotations/5.0.1.Final/71e1cff3fcb20d3b3af4f3363c3ddb24d33c6879/hibernate-commons-annotations-5.0.1.Final.jar:/Users/ravipalakodeti/.gradle/caches/modules-2/files-2.1/org.springframework.data/spring-data-commons/1.13.8.RELEASE/2853e3c38e02d42529f6c8b247d7bace40c25642/spring-data-commons-1.13.8.RELEASE.jar:/Users/ravipalakodeti/.gradle/caches/modules-2/files-2.1/org.springframework/spring-orm/4.3.12.RELEASE/47bbe35a92944aeedf06a388098581272f8db9bd/spring-orm-4.3.12.RELEASE.jar:/Users/ravipalakodeti/.gradle/caches/modules-2/files-2.1/org.springframework/spring-tx/4.3.12.RELEASE/7147b6839b2bf9db3621b79c73b4dddbe69572b6/spring-tx-4.3.12.RELEASE.jar:/Users/ravipalakodeti/.gradle/caches/modules-2/files-2.1/org.slf4j/slf4j-api/1.7.25/da76ca59f6a57ee3102f8f9bd9cee742973efa8a/slf4j-api-1.7.25.jar:/Users/ravipalakodeti/.gradle/caches/modules-2/files-2.1/org.apache.openjpa/openjpa-kernel/2.4.1/fb5811b92c02f63d536b6d406dfd97f498930657/openjpa-kernel-2.4.1.jar:/Users/ravipalakodeti/.gradle/caches/modules-2/files-2.1/org.apache.geronimo.specs/geronimo-jpa_2.0_spec/1.1/f4d90788691f5f5f201f39a53a23d392cde660a3/geronimo-jpa_2.0_spec-1.1.jar:/Users/ravipalakodeti/.gradle/caches/modules-2/files-2.1/org.apache.camel/camel-spring/2.20.0/3a77165de80e3e535263a2a7dcbfd5248a289c3a/camel-spring-2.20.0.jar:/Users/ravipalakodeti/.gradle/caches/modules-2/files-2.1/com.sun.xml.bind/jaxb-core/2.2.11/c3f87d654f8d5943cd08592f3f758856544d279a/jaxb-core-2.2.11.jar:/Users/ravipalakodeti/.gradle/caches/modules-2/files-2.1/com.sun.xml.bind/jaxb-impl/2.2.11/a49ce57aee680f9435f49ba6ef427d38c93247a6/jaxb-impl-2.2.11.jar:/Users/ravipalakodeti/.gradle/caches/modules-2/files-2.1/net.minidev/json-smart/2.2.1/5b9e5df7a62d1279b70dc882b041d249c4f0b002/json-smart-2.2.1.jar:/Users/ravipalakodeti/.gradle/caches/modules-2/files-2.1/org.objenesis/objenesis/2.1/87c0ea803b69252868d09308b4618f766f135a96/objenesis-2.1.jar:/Users/ravipalakodeti/.gradle/caches/modules-2/files-2.1/com.vaadin.external.google/android-json/0.0.20131108.vaadin1/fa26d351fe62a6a17f5cda1287c1c6110dec413f/android-json-0.0.20131108.vaadin1.jar:/Users/ravipalakodeti/.gradle/caches/modules-2/files-2.1/org.apache.httpcomponents/httpcore/4.4.1/f5aa318bda4c6c8d688c9d00b90681dcd82ce636/httpcore-4.4.1.jar:/Users/ravipalakodeti/.gradle/caches/modules-2/files-2.1/commons-codec/commons-codec/1.10/4b95f4897fa13f2cd904aee711aeafc0c5295cd8/commons-codec-1.10.jar:/Users/ravipalakodeti/.gradle/caches/modules-2/files-2.1/io.rest-assured/rest-assured-common/3.0.5/af5429429daab43b34cea5fc9f25f92655b49d13/rest-assured-common-3.0.5.jar:/Users/ravipalakodeti/.gradle/caches/modules-2/files-2.1/org.apache.commons/commons-lang3/3.4/5fe28b9518e58819180a43a850fbc0dd24b7c050/commons-lang3-3.4.jar:/Users/ravipalakodeti/.gradle/caches/modules-2/files-2.1/org.springframework/spring-expression/4.3.12.RELEASE/790f69f6ad7f9da8d4a92c603ad7244c398c8309/spring-expression-4.3.12.RELEASE.jar:/Users/ravipalakodeti/.gradle/caches/modules-2/files-2.1/ch.qos.logback/logback-core/1.1.11/88b8df40340eed549fb07e2613879bf6b006704d/logback-core-1.1.11.jar:/Users/ravipalakodeti/.gradle/caches/modules-2/files-2.1/org.apache.tomcat/tomcat-annotations-api/8.5.23/aaf17df9fe0240e9e9d5375d24d5f177174b73d9/tomcat-annotations-api-8.5.23.jar:/Users/ravipalakodeti/.gradle/caches/modules-2/files-2.1/com.fasterxml/classmate/1.3.4/3d5f48f10bbe4eb7bd862f10c0583be2e0053c6/classmate-1.3.4.jar:/Users/ravipalakodeti/.gradle/caches/modules-2/files-2.1/org.glassfish.jersey.bundles.repackaged/jersey-guava/2.25.1/a2bb4f8208e134cf2cf71dfb8824e42942f7bd06/jersey-guava-2.25.1.jar:/Users/ravipalakodeti/.gradle/caches/modules-2/files-2.1/org.glassfish.hk2/osgi-resource-locator/1.0.1/4ed2b2d4738aed5786cfa64cba5a332779c4c708/osgi-resource-locator-1.0.1.jar:/Users/ravipalakodeti/.gradle/caches/modules-2/files-2.1/org.glassfish.hk2/hk2-utils/2.5.0-b32/5108a926988c4ceda7f1e681dddfe3101454a002/hk2-utils-2.5.0-b32.jar:/Users/ravipalakodeti/.gradle/caches/modules-2/files-2.1/org.glassfish.hk2.external/aopalliance-repackaged/2.5.0-b32/6af37c3f8ec6f9e9653ec837eb508da28ce443cd/aopalliance-repackaged-2.5.0-b32.jar:/Users/ravipalakodeti/.gradle/caches/modules-2/files-2.1/org.glassfish.hk2/config-types/2.5.0-b32/686bbe7f80b1b879d64c06bc6606c97721a795f2/config-types-2.5.0-b32.jar:/Users/ravipalakodeti/.gradle/caches/modules-2/files-2.1/org.glassfish.hk2/hk2-core/2.5.0-b32/8cb6a8a9522ec523b7740d29f555bdbe9d936af2/hk2-core-2.5.0-b32.jar:/Users/ravipalakodeti/.gradle/caches/modules-2/files-2.1/org.glassfish.hk2/hk2-config/2.5.0-b32/dce05ac4225dbc0c1c382ad02e3b5bee51f0168a/hk2-config-2.5.0-b32.jar:/Users/ravipalakodeti/.gradle/caches/modules-2/files-2.1/org.glassfish.hk2/hk2-runlevel/2.5.0-b32/60dc979763ea885e796cba4d3e322af8d500ba74/hk2-runlevel-2.5.0-b32.jar:/Users/ravipalakodeti/.gradle/caches/modules-2/files-2.1/org.glassfish.hk2/class-model/2.5.0-b32/17f054f3e91898c0c0fc52163ad904b13c24e8b/class-model-2.5.0-b32.jar:/Users/ravipalakodeti/.gradle/caches/modules-2/files-2.1/com.fasterxml.jackson.module/jackson-module-jaxb-annotations/2.8.10/22df8efd0cff7661bf136148c73e2651748f7600/jackson-module-jaxb-annotations-2.8.10.jar:/Users/ravipalakodeti/.gradle/caches/modules-2/files-2.1/org.apache.tomcat/tomcat-juli/8.5.23/98e7f0610b7b2fb8303f11be0210e3f5a56a7d55/tomcat-juli-8.5.23.jar:/Users/ravipalakodeti/.gradle/caches/modules-2/files-2.1/org.apache.openjpa/openjpa-lib/2.4.1/b068f5ca57dba756a0affa5d089594ba11413d09/openjpa-lib-2.4.1.jar:/Users/ravipalakodeti/.gradle/caches/modules-2/files-2.1/org.apache.geronimo.specs/geronimo-jms_1.1_spec/1.1.1/c872b46c601d8dc03633288b81269f9e42762cea/geronimo-jms_1.1_spec-1.1.1.jar:/Users/ravipalakodeti/.gradle/caches/modules-2/files-2.1/org.apache.geronimo.specs/geronimo-jta_1.1_spec/1.1.1/aabab3165b8ea936b9360abbf448459c0d04a5a4/geronimo-jta_1.1_spec-1.1.1.jar:/Users/ravipalakodeti/.gradle/caches/modules-2/files-2.1/commons-pool/commons-pool/1.6/4572d589699f09d866a226a14b7f4323c6d8f040/commons-pool-1.6.jar:/Users/ravipalakodeti/.gradle/caches/modules-2/files-2.1/org.apache.xbean/xbean-asm5-shaded/3.17/54eec23ce686611840d515ada298b32d03fbbf14/xbean-asm5-shaded-3.17.jar:/Users/ravipalakodeti/.gradle/caches/modules-2/files-2.1/net.minidev/accessors-smart/1.1/a527213f2fea112a04c9bdf0ec0264e34104cd08/accessors-smart-1.1.jar:/Users/ravipalakodeti/.gradle/caches/modules-2/files-2.1/org.glassfish.hk2.external/asm-all-repackaged/2.5.0-b32/dc705f1d54cd5a96cbc5a473525e75ef1cb59a9e/asm-all-repackaged-2.5.0-b32.jar:/Users/ravipalakodeti/.gradle/caches/modules-2/files-2.1/commons-lang/commons-lang/2.4/16313e02a793435009f1e458fa4af5d879f6fb11/commons-lang-2.4.jar:/Users/ravipalakodeti/.gradle/caches/modules-2/files-2.1/commons-collections/commons-collections/3.2.2/8ad72fe39fa8c91eaaf12aadb21e0c3661fe26d5/commons-collections-3.2.2.jar:/Users/ravipalakodeti/.gradle/caches/modules-2/files-2.1/net.sourceforge.serp/serp/1.15.1/922c4f6538ce59432ed00f26278a62735a3a41d/serp-1.15.1.jar:/Users/ravipalakodeti/.gradle/caches/modules-2/files-2.1/org.ow2.asm/asm/5.0.3/dcc2193db20e19e1feca8b1240dbbc4e190824fa/asm-5.0.3.jar, user.name=ravipalakodeti, java.vm.specification.version=1.8, sun.java.command=worker.org.gradle.process.internal.worker.GradleWorkerMain 'Gradle Test Executor 3', java.home=/Library/Java/JavaVirtualMachines/jdk1.8.0_91.jdk/Contents/Home/jre, sun.arch.data.model=64, user.language=en, java.specification.vendor=Oracle Corporation, awt.toolkit=sun.lwawt.macosx.LWCToolkit, java.vm.info=mixed mode, java.version=1.8.0_91, java.ext.dirs=/Users/ravipalakodeti/Library/Java/Extensions:/Library/Java/JavaVirtualMachines/jdk1.8.0_91.jdk/Contents/Home/jre/lib/ext:/Library/Java/Extensions:/Network/Library/Java/Extensions:/System/Library/Java/Extensions:/usr/lib/java, sun.boot.class.path=/Library/Java/JavaVirtualMachines/jdk1.8.0_91.jdk/Contents/Home/jre/lib/resources.jar:/Library/Java/JavaVirtualMachines/jdk1.8.0_91.jdk/Contents/Home/jre/lib/rt.jar:/Library/Java/JavaVirtualMachines/jdk1.8.0_91.jdk/Contents/Home/jre/lib/sunrsasign.jar:/Library/Java/JavaVirtualMachines/jdk1.8.0_91.jdk/Contents/Home/jre/lib/jsse.jar:/Library/Java/JavaVirtualMachines/jdk1.8.0_91.jdk/Contents/Home/jre/lib/jce.jar:/Library/Java/JavaVirtualMachines/jdk1.8.0_91.jdk/Contents/Home/jre/lib/charsets.jar:/Library/Java/JavaVirtualMachines/jdk1.8.0_91.jdk/Contents/Home/jre/lib/jfr.jar:/Library/Java/JavaVirtualMachines/jdk1.8.0_91.jdk/Contents/Home/jre/classes, java.vendor=Oracle Corporation, org.gradle.test.worker=3, file.separator=/, java.vendor.url.bug=http://bugreport.sun.com/bugreport/, sun.io.unicode.encoding=UnicodeBig, sun.cpu.endian=little, socksNonProxyHosts=local|*.local|169.254/16|*.169.254/16|192.168/16|*.192.168/16, ftp.nonProxyHosts=local|*.local|169.254/16|*.169.254/16|192.168/16|*.192.168/16, sun.cpu.isalist=}}, SystemEnvironmentPropertySource@2029367314 {name='systemEnvironment', properties={PATH=/Users/ravipalakodeti/.rvm/gems/ruby-2.2.4/bin:/Users/ravipalakodeti/.rvm/gems/ruby-2.2.4@global/bin:/Users/ravipalakodeti/.rvm/rubies/ruby-2.2.4/bin:/Users/ravipalakodeti/.opam/system/bin:/Users/ravipalakodeti/.gem/ruby/2.3.3/bin:/Users/ravipalakodeti/.rubies/ruby-2.3.3/lib/ruby/gems/2.3.0/bin:/Users/ravipalakodeti/.rubies/ruby-2.3.3/bin:/usr/local/bin:/usr/bin:/bin:/usr/sbin:/sbin:/opt/X11/bin:/usr/local/sbin:/Users/ravipalakodeti/tech/software/golang/bin:/usr/local/opt/go/libexec/bin:/Users/ravipalakodeti/.rvm/bin, IRBRC=/Users/ravipalakodeti/.rvm/rubies/ruby-2.2.4/.irbrc, SDKMAN_VERSION=5.2.1+136, SDKMAN_DIR=/Users/ravipalakodeti/.sdkman, LOGNAME=ravipalakodeti, rvm_version=1.27.0 (latest), PWD=/Users/ravipalakodeti/tech/projects/kubernetes/java-stateful-k8s, TERM_PROGRAM_VERSION=3.0.15, OCAML_TOPLEVEL_PATH=/Users/ravipalakodeti/.opam/system/lib/toplevel, SHELL=/bin/zsh, JAVA_MAIN_CLASS_62383=worker.org.gradle.process.internal.worker.GradleWorkerMain, PAGER=less, MY_RUBY_HOME=/Users/ravipalakodeti/.rvm/rubies/ruby-2.2.4, GOPATH=/Users/ravipalakodeti/tech/software/golang, OLDPWD=/Users/ravipalakodeti/tech/projects/kubernetes/java-stateful-k8s, GEM_HOME=/Users/ravipalakodeti/.rvm/gems/ruby-2.2.4, ZSH=/Users/ravipalakodeti/.oh-my-zsh, ITERM_PROFILE=Default, rvm_path=/Users/ravipalakodeti/.rvm, TMPDIR=/var/folders/xc/ks4rsvh54sl4zbtvm8qhwrtc0000gn/T/, RUBY_VERSION=ruby-2.2.4, XPC_FLAGS=0x0, TERM_SESSION_ID=w0t2p4:DF0E7A6F-258D-4D5A-A9E3-2344D21D5078, _system_name=OSX, GEM_ROOT=/Users/ravipalakodeti/.rubies/ruby-2.3.3/lib/ruby/gems/2.3.0, __CF_USER_TEXT_ENCODING=0x1F5:0x0:0x0, Apple_PubSub_Socket_Render=/private/tmp/com.apple.launchd.hZ731PfXTl/Render, LESS=-R, LC_CTYPE=en_US.UTF-8, COLORFGBG=15;0, SHLVL=1, SDKMAN_CURRENT_API=https://api.sdkman.io/2, JAVA_ARCH=x86_64, _system_arch=x86_64, MANPATH=:/Users/ravipalakodeti/.opam/system/man, rvm_bin_path=/Users/ravipalakodeti/.rvm/bin, TERM=xterm-256color, rvm_prefix=/Users/ravipalakodeti, LANG=en_US.UTF-8, ITERM_SESSION_ID=w0t2p4:DF0E7A6F-258D-4D5A-A9E3-2344D21D5078, CAML_LD_LIBRARY_PATH=/Users/ravipalakodeti/.opam/system/lib/stublibs:/usr/local/lib/ocaml/stublibs, XPC_SERVICE_NAME=0, PERL5LIB=/Users/ravipalakodeti/.opam/system/lib/perl5:, SDKMAN_CANDIDATES_DIR=/Users/ravipalakodeti/.sdkman/candidates, APP_NAME_62360=Gradle, SDKMAN_LEGACY_API=https://api.sdkman.io/1, TERM_PROGRAM=iTerm.app, JAVA_MAIN_CLASS_62360=org.gradle.wrapper.GradleWrapperMain, APP_ICON_62360=/Users/ravipalakodeti/tech/projects/kubernetes/java-stateful-k8s/media/gradle.icns, LSCOLORS=Gxfxcxdxbxegedabagacad, _system_type=Darwin, _system_version=10.12, SDKMAN_PLATFORM=Darwin, RUBY_ROOT=/Users/ravipalakodeti/.rubies/ruby-2.3.3, RUBY_ENGINE=ruby, USER=ravipalakodeti, GOROOT=/usr/local/opt/go/libexec, RUBYOPT=, OPAMUTF8MSGS=1, SSH_AUTH_SOCK=/private/tmp/com.apple.launchd.47ONF8YHZr/Listeners, GOBIN=/Users/ravipalakodeti/tech/software/golang/bin, GEM_PATH=/Users/ravipalakodeti/.rvm/gems/ruby-2.2.4:/Users/ravipalakodeti/.rvm/gems/ruby-2.2.4@global, com.apple.java.jvmTask=CommandLine, HOME=/Users/ravipalakodeti}}]
22:53:28.501 [Test worker] DEBUG org.springframework.test.context.support.TestPropertySourceUtils - Adding inlined properties to environment: {spring.jmx.enabled=false, org.springframework.boot.test.context.SpringBootTestContextBootstrapper=true, server.port=0}
22:53:28.501 [Test worker] DEBUG org.springframework.core.env.StandardEnvironment - Adding PropertySource 'Inlined Test Properties' with highest search precedence

  .   ____          _            __ _ _
 /\\ / ___'_ __ _ _(_)_ __  __ _ \ \ \ \
( ( )\___ | '_ | '_| | '_ \/ _` | \ \ \ \
 \\/  ___)| |_)| | | | | || (_| |  ) ) ) )
  '  |____| .__|_| |_|_| |_\__, | / / / /
 =========|_|==============|___/=/_/_/_/
 :: Spring Boot ::        (v1.5.8.RELEASE)

2017-11-21 22:53:28.789  INFO 62383 --- [    Test worker] c.e.j.DemoApplicationTests               : Starting DemoApplicationTests on C02P377TG3QD with PID 62383 (started by ravipalakodeti in /Users/ravipalakodeti/tech/projects/kubernetes/java-stateful-k8s)
2017-11-21 22:53:28.790 DEBUG 62383 --- [    Test worker] c.e.j.DemoApplicationTests               : Running with Spring Boot v1.5.8.RELEASE, Spring v4.3.12.RELEASE
2017-11-21 22:53:28.790  INFO 62383 --- [    Test worker] c.e.j.DemoApplicationTests               : No active profile set, falling back to default profiles: default
2017-11-21 22:53:28.817  INFO 62383 --- [    Test worker] ationConfigEmbeddedWebApplicationContext : Refreshing org.springframework.boot.context.embedded.AnnotationConfigEmbeddedWebApplicationContext@368cd2a6: startup date [Tue Nov 21 22:53:28 CST 2017]; root of context hierarchy
2017-11-21 22:53:29.399 TRACE 62383 --- [    Test worker] o.s.d.r.c.RepositoryComponentProvider    : Scanning file [/Users/ravipalakodeti/tech/projects/kubernetes/java-stateful-k8s/devops/app/classes/main/com/example/javastatefulk8s/model/ShipNotice.class]
2017-11-21 22:53:29.400 TRACE 62383 --- [    Test worker] o.s.d.r.c.RepositoryComponentProvider    : Ignored because not matching any filter: file [/Users/ravipalakodeti/tech/projects/kubernetes/java-stateful-k8s/devops/app/classes/main/com/example/javastatefulk8s/model/ShipNotice.class]
2017-11-21 22:53:29.400 TRACE 62383 --- [    Test worker] o.s.d.r.c.RepositoryComponentProvider    : Scanning file [/Users/ravipalakodeti/tech/projects/kubernetes/java-stateful-k8s/devops/app/classes/main/com/example/javastatefulk8s/model/ShipNoticeBuilder.class]
2017-11-21 22:53:29.401 TRACE 62383 --- [    Test worker] o.s.d.r.c.RepositoryComponentProvider    : Ignored because not matching any filter: file [/Users/ravipalakodeti/tech/projects/kubernetes/java-stateful-k8s/devops/app/classes/main/com/example/javastatefulk8s/model/ShipNoticeBuilder.class]
2017-11-21 22:53:29.401 TRACE 62383 --- [    Test worker] o.s.d.r.c.RepositoryComponentProvider    : Scanning file [/Users/ravipalakodeti/tech/projects/kubernetes/java-stateful-k8s/devops/app/classes/main/com/example/javastatefulk8s/model/ShipNoticesBatch.class]
2017-11-21 22:53:29.401 TRACE 62383 --- [    Test worker] o.s.d.r.c.RepositoryComponentProvider    : Ignored because not matching any filter: file [/Users/ravipalakodeti/tech/projects/kubernetes/java-stateful-k8s/devops/app/classes/main/com/example/javastatefulk8s/model/ShipNoticesBatch.class]
2017-11-21 22:53:29.401 TRACE 62383 --- [    Test worker] o.s.d.r.c.RepositoryComponentProvider    : Scanning file [/Users/ravipalakodeti/tech/projects/kubernetes/java-stateful-k8s/devops/app/classes/main/com/example/javastatefulk8s/model/ShipNoticesBatchBuilder.class]
2017-11-21 22:53:29.402 TRACE 62383 --- [    Test worker] o.s.d.r.c.RepositoryComponentProvider    : Ignored because not matching any filter: file [/Users/ravipalakodeti/tech/projects/kubernetes/java-stateful-k8s/devops/app/classes/main/com/example/javastatefulk8s/model/ShipNoticesBatchBuilder.class]
2017-11-21 22:53:29.402 TRACE 62383 --- [    Test worker] o.s.d.r.c.RepositoryComponentProvider    : Scanning file [/Users/ravipalakodeti/tech/projects/kubernetes/java-stateful-k8s/devops/app/classes/main/com/example/javastatefulk8s/model/jpa/ShipNoticeRepository.class]
2017-11-21 22:53:29.403 DEBUG 62383 --- [    Test worker] o.s.d.r.c.RepositoryComponentProvider    : Identified candidate component class: file [/Users/ravipalakodeti/tech/projects/kubernetes/java-stateful-k8s/devops/app/classes/main/com/example/javastatefulk8s/model/jpa/ShipNoticeRepository.class]
2017-11-21 22:53:29.409 DEBUG 62383 --- [    Test worker] .s.d.r.c.RepositoryConfigurationDelegate : Spring Data JPA - Registering repository: shipNoticeRepository - Interface: com.example.javastatefulk8s.model.jpa.ShipNoticeRepository - Factory: org.springframework.data.jpa.repository.support.JpaRepositoryFactoryBean
2017-11-21 22:53:29.928  INFO 62383 --- [    Test worker] f.a.AutowiredAnnotationBeanPostProcessor : JSR-330 'javax.inject.Inject' annotation found and supported for autowiring
2017-11-21 22:53:30.037  INFO 62383 --- [    Test worker] trationDelegate$BeanPostProcessorChecker : Bean 'org.springframework.transaction.annotation.ProxyTransactionManagementConfiguration' of type [org.springframework.transaction.annotation.ProxyTransactionManagementConfiguration$$EnhancerBySpringCGLIB$$751d87ee] is not eligible for getting processed by all BeanPostProcessors (for example: not eligible for auto-proxying)
2017-11-21 22:53:30.065  INFO 62383 --- [    Test worker] trationDelegate$BeanPostProcessorChecker : Bean 'org.apache.camel.spring.boot.CamelAutoConfiguration' of type [org.apache.camel.spring.boot.CamelAutoConfiguration$$EnhancerBySpringCGLIB$$97474e0d] is not eligible for getting processed by all BeanPostProcessors (for example: not eligible for auto-proxying)
2017-11-21 22:53:30.404  INFO 62383 --- [    Test worker] s.b.c.e.t.TomcatEmbeddedServletContainer : Tomcat initialized with port(s): 0 (http)
2017-11-21 22:53:30.414  INFO 62383 --- [    Test worker] o.apache.catalina.core.StandardService   : Starting service [Tomcat]
2017-11-21 22:53:30.414  INFO 62383 --- [    Test worker] org.apache.catalina.core.StandardEngine  : Starting Servlet Engine: Apache Tomcat/8.5.23
2017-11-21 22:53:30.537  INFO 62383 --- [ost-startStop-1] o.a.c.c.C.[Tomcat].[localhost].[/]       : Initializing Spring embedded WebApplicationContext
2017-11-21 22:53:30.538  INFO 62383 --- [ost-startStop-1] o.s.web.context.ContextLoader            : Root WebApplicationContext: initialization completed in 1724 ms
2017-11-21 22:53:31.056  INFO 62383 --- [ost-startStop-1] o.s.b.w.servlet.FilterRegistrationBean   : Mapping filter: 'characterEncodingFilter' to: [/*]
2017-11-21 22:53:31.056  INFO 62383 --- [ost-startStop-1] o.s.b.w.servlet.FilterRegistrationBean   : Mapping filter: 'requestContextFilter' to: [/*]
2017-11-21 22:53:31.057  INFO 62383 --- [ost-startStop-1] o.s.b.w.servlet.ServletRegistrationBean  : Mapping servlet: 'com.example.javastatefulk8s.config.RestConfigurer' to [/ship-notices/*]
2017-11-21 22:53:31.478  WARN 62383 --- [    Test worker] o.a.c.i.DefaultCamelBeanPostProcessor    : No CamelContext defined yet so cannot inject into bean: routesHealthCheckRepository
2017-11-21 22:53:31.748  INFO 62383 --- [    Test worker] j.LocalContainerEntityManagerFactoryBean : Building JPA container EntityManagerFactory for persistence unit 'default'
2017-11-21 22:53:31.937  INFO 62383 --- [    Test worker] j.LocalContainerEntityManagerFactoryBean : Initialized JPA EntityManagerFactory for persistence unit 'default'
2017-11-21 22:53:32.524  INFO 62383 --- [    Test worker] o.a.c.i.converter.DefaultTypeConverter   : Type converters loaded (core: 192, classpath: 1)
2017-11-21 22:53:33.066  INFO 62383 --- [    Test worker] o.f.core.internal.util.VersionPrinter    : Flyway 4.0.3 by Boxfuse
2017-11-21 22:53:33.071  INFO 62383 --- [    Test worker] o.f.c.i.dbsupport.DbSupportFactory       : Database: jdbc:postgresql://localhost:5432/postgres (PostgreSQL 9.6)
2017-11-21 22:53:33.132  INFO 62383 --- [    Test worker] o.f.core.internal.command.DbValidate     : Successfully validated 2 migrations (execution time 00:00.015s)
2017-11-21 22:53:33.159  INFO 62383 --- [    Test worker] o.f.core.internal.command.DbMigrate      : Current version of schema "public": 1.1
2017-11-21 22:53:33.167  INFO 62383 --- [    Test worker] o.f.core.internal.command.DbMigrate      : Schema "public" is up to date. No migration necessary.
2017-11-21 22:53:33.386  INFO 62383 --- [    Test worker] o.a.camel.spring.boot.RoutesCollector    : Loading additional Camel XML routes from: classpath:camel/*.xml
2017-11-21 22:53:33.386  INFO 62383 --- [    Test worker] o.a.camel.spring.boot.RoutesCollector    : Loading additional Camel XML rests from: classpath:camel-rest/*.xml
2017-11-21 22:53:33.393  INFO 62383 --- [    Test worker] o.a.camel.spring.SpringCamelContext      : Apache Camel 2.20.0 (CamelContext: camel-1) is starting
2017-11-21 22:53:33.395  INFO 62383 --- [    Test worker] o.a.c.m.ManagedManagementStrategy        : JMX is enabled
2017-11-21 22:53:33.735  INFO 62383 --- [    Test worker] o.a.c.impl.DefaultStreamCachingStrategy  : StreamCaching in use with spool directory: /var/folders/xc/ks4rsvh54sl4zbtvm8qhwrtc0000gn/T/camel/camel-tmp-fdfeb5d6-8517-459b-9dac-c2720fc1139f and rules: [Spool > 128K body size]
2017-11-21 22:53:33.737  INFO 62383 --- [    Test worker] o.a.camel.component.seda.SedaEndpoint    : Endpoint seda://chryslerChannel is using shared queue: seda://chryslerChannel with size: 2147483647
2017-11-21 22:53:33.761  INFO 62383 --- [    Test worker] o.a.camel.component.seda.SedaEndpoint    : Endpoint seda://fordChannel is using shared queue: seda://fordChannel with size: 2147483647
2017-11-21 22:53:33.763  INFO 62383 --- [    Test worker] o.a.camel.component.seda.SedaEndpoint    : Endpoint seda://gmcChannel is using shared queue: seda://gmcChannel with size: 2147483647
2017-11-21 22:53:33.766  INFO 62383 --- [    Test worker] o.a.camel.component.seda.SedaEndpoint    : Endpoint seda://newAsnChannel is using shared queue: seda://newAsnChannel with size: 2147483647
2017-11-21 22:53:33.768  INFO 62383 --- [    Test worker] o.a.camel.component.seda.SedaEndpoint    : Endpoint seda://singleAsnChannel is using shared queue: seda://singleAsnChannel with size: 2147483647
2017-11-21 22:53:33.782  INFO 62383 --- [    Test worker] o.a.camel.component.seda.SedaEndpoint    : Endpoint seda://toyotaChannel is using shared queue: seda://toyotaChannel with size: 2147483647
2017-11-21 22:53:33.786  INFO 62383 --- [    Test worker] o.a.camel.spring.boot.RoutesCollector    : Starting CamelMainRunController to ensure the main thread keeps running
2017-11-21 22:53:33.792  INFO 62383 --- [    Test worker] o.a.camel.spring.SpringCamelContext      : Route: route1 started and consuming from: seda://chryslerChannel
2017-11-21 22:53:33.794  INFO 62383 --- [    Test worker] o.a.camel.spring.SpringCamelContext      : Route: route2 started and consuming from: seda://fordChannel
2017-11-21 22:53:33.796  INFO 62383 --- [    Test worker] o.a.camel.spring.SpringCamelContext      : Route: route3 started and consuming from: seda://gmcChannel
2017-11-21 22:53:33.797  INFO 62383 --- [    Test worker] o.a.camel.spring.SpringCamelContext      : Route: route4 started and consuming from: seda://newAsnChannel
2017-11-21 22:53:33.799  INFO 62383 --- [    Test worker] o.a.camel.spring.SpringCamelContext      : Route: route5 started and consuming from: seda://toyotaChannel
2017-11-21 22:53:33.799  INFO 62383 --- [    Test worker] o.a.camel.spring.SpringCamelContext      : Total 5 routes, of which 5 are started
2017-11-21 22:53:33.800  INFO 62383 --- [    Test worker] o.a.camel.spring.SpringCamelContext      : Apache Camel 2.20.0 (CamelContext: camel-1) started in 0.406 seconds
2017-11-21 22:53:33.832  INFO 62383 --- [    Test worker] s.b.c.e.t.TomcatEmbeddedServletContainer : Tomcat started on port(s): 53696 (http)
2017-11-21 22:53:33.839  INFO 62383 --- [    Test worker] c.e.j.DemoApplicationTests               : Started DemoApplicationTests in 5.335 seconds (JVM running for 6.343)
]]></system-out>
  <system-err><![CDATA[14  default  WARN   [Test worker] openjpa.Runtime - An error occurred while registering a ClassTransformer with PersistenceUnitInfo: name 'default', root URL [file:/Users/ravipalakodeti/tech/projects/kubernetes/java-stateful-k8s/devops/app/classes/test/]. The error has been consumed. To see it, set your openjpa.Runtime log level to TRACE. Load-time class transformation will not be available.
19  default  INFO   [Test worker] openjpa.Runtime - OpenJPA dynamically loaded a validation provider.
196  default  INFO   [Test worker] openjpa.jdbc.JDBC - Using dictionary class "org.apache.openjpa.jdbc.sql.PostgresDictionary" (PostgreSQL 9.6.6 ,PostgreSQL Native Driver PostgreSQL 9.4.1211).
208  default  INFO   [Test worker] openjpa.jdbc.JDBC - Connected to PostgreSQL version 9.9 using JDBC driver PostgreSQL Native Driver version PostgreSQL 9.4.1211. 
210  default  INFO   [Test worker] openjpa.Runtime - Starting OpenJPA 2.4.1
]]></system-err>
</testsuite>
